TN:
SF:/Users/Damola/Desktop/WeConnect/WEConnect/server/server.js
FN:41,(anonymous_1)
FNF:1
FNH:1
FNDA:1,(anonymous_1)
DA:1,1
DA:2,1
DA:3,1
DA:4,1
DA:9,1
DA:14,1
DA:18,1
DA:22,1
DA:27,1
DA:36,1
DA:41,1
LF:11
LH:11
BRDA:14,0,0,1
BRDA:14,0,1,1
BRF:2
BRH:2
end_of_record
TN:
SF:/Users/Damola/Desktop/WeConnect/WEConnect/server/test-server.js
FN:25,(anonymous_1)
FNF:1
FNH:1
FNDA:1,(anonymous_1)
DA:1,1
DA:2,1
DA:6,1
DA:11,1
DA:15,1
DA:19,1
DA:25,1
LF:7
LH:7
BRDA:11,0,0,1
BRDA:11,0,1,1
BRF:2
BRH:2
end_of_record
TN:
SF:/Users/Damola/Desktop/WeConnect/WEConnect/server/controllers/auth.js
FN:13,Auth
FN:97,(anonymous_10)
FN:109,(anonymous_12)
FN:121,(anonymous_14)
FNF:4
FNH:4
FNDA:1,Auth
FNDA:15,(anonymous_10)
FNDA:11,(anonymous_12)
FNDA:15,(anonymous_14)
DA:1,1
DA:2,1
DA:3,1
DA:13,1
DA:14,1
DA:15,1
DA:16,1
DA:25,8
DA:26,4
DA:27,4
DA:28,3
DA:30,1
DA:40,20
DA:47,4
DA:48,4
DA:49,4
DA:50,4
DA:51,4
DA:52,4
DA:53,4
DA:57,3
DA:64,2
DA:73,2
DA:74,2
DA:79,1
DA:83,1
DA:97,15
DA:99,4
DA:109,11
DA:111,3
DA:121,15
DA:123,4
LF:32
LH:32
BRDA:27,0,0,3
BRDA:27,0,1,1
BRDA:53,1,0,3
BRDA:53,1,1,1
BRDA:54,2,0,4
BRDA:54,2,1,3
BRDA:57,3,0,2
BRDA:57,3,1,1
BRDA:58,4,0,3
BRDA:58,4,1,3
BRDA:58,4,2,3
BRDA:58,4,3,3
BRDA:58,4,4,2
BRDA:98,5,0,15
BRDA:98,5,1,4
BRF:15
BRH:15
end_of_record
TN:
SF:/Users/Damola/Desktop/WeConnect/WEConnect/server/controllers/businesses.js
FN:13,Businesses
FN:240,(anonymous_13)
FN:248,(anonymous_14)
FN:273,(anonymous_16)
FN:284,(anonymous_18)
FN:296,(anonymous_20)
FN:307,(anonymous_22)
FN:318,(anonymous_24)
FNF:8
FNH:8
FNDA:8,Businesses
FNDA:3,(anonymous_13)
FNDA:3,(anonymous_14)
FNDA:7,(anonymous_16)
FNDA:26,(anonymous_18)
FNDA:11,(anonymous_20)
FNDA:4,(anonymous_22)
FNDA:25,(anonymous_24)
DA:1,1
DA:2,1
DA:13,8
DA:14,8
DA:15,8
DA:16,8
DA:17,8
DA:18,8
DA:19,8
DA:20,8
DA:31,9
DA:32,9
DA:33,9
DA:34,2
DA:35,7
DA:36,2
DA:37,5
DA:38,2
DA:40,3
DA:51,44
DA:64,4
DA:65,4
DA:66,4
DA:67,4
DA:68,4
DA:69,4
DA:70,4
DA:71,4
DA:72,4
DA:73,4
DA:74,4
DA:75,4
DA:76,4
DA:80,3
DA:93,2
DA:109,2
DA:110,2
DA:115,1
DA:119,1
DA:131,33
DA:144,3
DA:145,3
DA:146,3
DA:147,3
DA:148,3
DA:149,2
DA:164,2
DA:165,2
DA:166,2
DA:171,1
DA:185,3
DA:186,3
DA:187,3
DA:188,1
DA:192,2
DA:193,2
DA:206,3
DA:207,3
DA:208,3
DA:209,3
DA:210,2
DA:215,1
DA:227,10
DA:231,5
DA:232,5
DA:233,5
DA:235,1
DA:240,3
DA:242,1
DA:248,3
DA:252,1
DA:258,2
DA:273,7
DA:276,3
DA:284,26
DA:286,16
DA:296,11
DA:298,7
DA:307,4
DA:309,2
DA:318,25
DA:320,9
LF:82
LH:82
BRDA:33,0,0,2
BRDA:33,0,1,7
BRDA:33,1,0,9
BRDA:33,1,1,4
BRDA:35,2,0,2
BRDA:35,2,1,5
BRDA:37,3,0,2
BRDA:37,3,1,3
BRDA:76,4,0,3
BRDA:76,4,1,1
BRDA:77,5,0,4
BRDA:77,5,1,3
BRDA:80,6,0,2
BRDA:80,6,1,1
BRDA:81,7,0,3
BRDA:81,7,1,3
BRDA:81,7,2,3
BRDA:81,7,3,3
BRDA:81,7,4,3
BRDA:81,7,5,3
BRDA:81,7,6,2
BRDA:81,7,7,2
BRDA:81,7,8,2
BRDA:81,7,9,2
BRDA:81,7,10,2
BRDA:148,8,0,2
BRDA:148,8,1,1
BRDA:151,9,0,2
BRDA:151,9,1,2
BRDA:152,10,0,2
BRDA:152,10,1,2
BRDA:153,11,0,2
BRDA:153,11,1,2
BRDA:154,12,0,2
BRDA:154,12,1,0
BRDA:155,13,0,2
BRDA:155,13,1,2
BRDA:156,14,0,2
BRDA:156,14,1,2
BRDA:157,15,0,2
BRDA:157,15,1,2
BRDA:158,16,0,2
BRDA:158,16,1,2
BRDA:159,17,0,2
BRDA:159,17,1,2
BRDA:160,18,0,2
BRDA:160,18,1,0
BRDA:161,19,0,2
BRDA:161,19,1,2
BRDA:187,20,0,1
BRDA:187,20,1,2
BRDA:209,21,0,2
BRDA:209,21,1,1
BRDA:234,22,0,1
BRDA:234,22,1,1
BRDA:234,22,2,1
BRDA:234,22,3,2
BRDA:274,23,0,7
BRDA:274,23,1,2
BRF:59
BRH:57
end_of_record
TN:
SF:/Users/Damola/Desktop/WeConnect/WEConnect/server/controllers/reviews.js
FN:15,Reviews
FN:112,(anonymous_12)
FNF:2
FNH:2
FNDA:1,Reviews
FNDA:12,(anonymous_12)
DA:1,1
DA:2,1
DA:3,1
DA:15,3
DA:17,1
DA:18,1
DA:19,1
DA:20,1
DA:21,1
DA:33,15
DA:38,5
DA:41,5
DA:42,5
DA:43,5
DA:44,5
DA:45,5
DA:46,4
DA:50,2
DA:59,2
DA:60,2
DA:62,1
DA:63,1
DA:65,2
DA:66,2
DA:71,2
DA:75,1
DA:90,3
DA:91,3
DA:92,3
DA:93,3
DA:94,2
DA:95,2
DA:100,1
DA:112,12
DA:113,5
LF:35
LH:35
BRDA:15,0,0,1
BRDA:15,0,1,0
BRDA:45,1,0,4
BRDA:45,1,1,1
BRDA:45,2,0,5
BRDA:45,2,1,4
BRDA:46,3,0,2
BRDA:46,3,1,2
BRDA:47,4,0,4
BRDA:47,4,1,3
BRDA:93,5,0,2
BRDA:93,5,1,1
BRF:12
BRH:11
end_of_record
TN:
SF:/Users/Damola/Desktop/WeConnect/WEConnect/server/dummy-data/database.js
FNF:0
FNH:0
DA:1,1
DA:2,1
DA:4,1
DA:6,1
DA:36,1
DA:87,1
DA:89,1
DA:91,1
LF:8
LH:8
BRF:0
BRH:0
end_of_record
TN:
SF:/Users/Damola/Desktop/WeConnect/WEConnect/server/router/index.js
FNF:0
FNH:0
DA:1,1
DA:2,1
DA:3,1
DA:4,1
DA:8,1
DA:12,1
DA:16,1
DA:21,1
LF:8
LH:8
BRF:0
BRH:0
end_of_record
TN:
SF:/Users/Damola/Desktop/WeConnect/WEConnect/server/router/auth/auth.js
FNF:0
FNH:0
DA:1,1
DA:2,1
DA:3,1
DA:7,1
DA:11,1
DA:15,1
DA:19,1
LF:7
LH:7
BRF:0
BRH:0
end_of_record
TN:
SF:/Users/Damola/Desktop/WeConnect/WEConnect/server/router/badRequests/badApiRequests.js
FN:7,badApiRequest
FNF:1
FNH:1
FNDA:4,badApiRequest
DA:7,1
DA:8,4
LF:2
LH:2
BRF:0
BRH:0
end_of_record
TN:
SF:/Users/Damola/Desktop/WeConnect/WEConnect/server/router/business/business.js
FNF:0
FNH:0
DA:1,1
DA:2,1
DA:3,1
DA:7,1
DA:11,1
DA:15,1
DA:19,1
DA:23,1
DA:27,1
DA:31,1
LF:10
LH:10
BRF:0
BRH:0
end_of_record
TN:
SF:/Users/Damola/Desktop/WeConnect/WEConnect/server/router/review/review.js
FNF:0
FNH:0
DA:1,1
DA:2,1
DA:3,1
DA:8,1
DA:12,1
DA:16,1
DA:20,1
LF:7
LH:7
BRF:0
BRH:0
end_of_record
