{"/Users/Damola/Desktop/WeConnect/WEConnect/server/server.js":{"path":"/Users/Damola/Desktop/WeConnect/WEConnect/server/server.js","statementMap":{"0":{"start":{"line":3,"column":0},"end":{"line":5,"column":3}},"1":{"start":{"line":7,"column":15},"end":{"line":7,"column":33}},"2":{"start":{"line":9,"column":16},"end":{"line":9,"column":48}},"3":{"start":{"line":11,"column":14},"end":{"line":11,"column":31}},"4":{"start":{"line":13,"column":15},"end":{"line":13,"column":46}},"5":{"start":{"line":15,"column":12},"end":{"line":15,"column":27}},"6":{"start":{"line":17,"column":13},"end":{"line":17,"column":42}},"7":{"start":{"line":19,"column":18},"end":{"line":19,"column":40}},"8":{"start":{"line":21,"column":19},"end":{"line":21,"column":54}},"9":{"start":{"line":23,"column":13},"end":{"line":23,"column":38}},"10":{"start":{"line":25,"column":14},"end":{"line":25,"column":44}},"11":{"start":{"line":27,"column":22},"end":{"line":27,"column":68}},"12":{"start":{"line":29,"column":23},"end":{"line":29,"column":62}},"13":{"start":{"line":31,"column":39},"end":{"line":31,"column":93}},"14":{"start":{"line":36,"column":10},"end":{"line":36,"column":34}},"15":{"start":{"line":41,"column":0},"end":{"line":41,"column":66}},"16":{"start":{"line":46,"column":11},"end":{"line":46,"column":35}},"17":{"start":{"line":50,"column":0},"end":{"line":50,"column":37}},"18":{"start":{"line":54,"column":0},"end":{"line":54,"column":62}},"19":{"start":{"line":58,"column":0},"end":{"line":58,"column":38}},"20":{"start":{"line":62,"column":0},"end":{"line":66,"column":3}},"21":{"start":{"line":63,"column":2},"end":{"line":65,"column":5}},"22":{"start":{"line":72,"column":0},"end":{"line":72,"column":36}},"23":{"start":{"line":81,"column":0},"end":{"line":81,"column":34}},"24":{"start":{"line":86,"column":0},"end":{"line":86,"column":17}},"25":{"start":{"line":88,"column":0},"end":{"line":88,"column":22}}},"fnMap":{"0":{"name":"_interopRequireDefault","decl":{"start":{"line":31,"column":9},"end":{"line":31,"column":31}},"loc":{"start":{"line":31,"column":37},"end":{"line":31,"column":95}},"line":31},"1":{"name":"(anonymous_1)","decl":{"start":{"line":62,"column":13},"end":{"line":62,"column":14}},"loc":{"start":{"line":62,"column":33},"end":{"line":66,"column":1}},"line":62}},"branchMap":{"0":{"loc":{"start":{"line":31,"column":46},"end":{"line":31,"column":92}},"type":"cond-expr","locations":[{"start":{"line":31,"column":70},"end":{"line":31,"column":73}},{"start":{"line":31,"column":76},"end":{"line":31,"column":92}}],"line":31},"1":{"loc":{"start":{"line":31,"column":46},"end":{"line":31,"column":67}},"type":"binary-expr","locations":[{"start":{"line":31,"column":46},"end":{"line":31,"column":49}},{"start":{"line":31,"column":53},"end":{"line":31,"column":67}}],"line":31},"2":{"loc":{"start":{"line":46,"column":11},"end":{"line":46,"column":35}},"type":"binary-expr","locations":[{"start":{"line":46,"column":11},"end":{"line":46,"column":27}},{"start":{"line":46,"column":31},"end":{"line":46,"column":35}}],"line":46}},"s":{"0":1,"1":1,"2":1,"3":1,"4":1,"5":1,"6":1,"7":1,"8":1,"9":1,"10":1,"11":1,"12":1,"13":6,"14":1,"15":1,"16":1,"17":1,"18":1,"19":1,"20":1,"21":0,"22":1,"23":1,"24":1,"25":1},"f":{"0":6,"1":0},"b":{"0":[2,4],"1":[6,6],"2":[1,1]},"_coverageSchema":"332fd63041d2c1bcb487cc26dd0d5f7d97098a6c","hash":"7e6ed138b279f01a824e03dc4f415d1fc4ce3dee","contentHash":"344120464e06758fdb0ac4abdc17f1b4_11.6.0"},"/Users/Damola/Desktop/WeConnect/WEConnect/server/router/index.js":{"path":"/Users/Damola/Desktop/WeConnect/WEConnect/server/router/index.js","statementMap":{"0":{"start":{"line":3,"column":0},"end":{"line":5,"column":3}},"1":{"start":{"line":7,"column":15},"end":{"line":7,"column":33}},"2":{"start":{"line":9,"column":16},"end":{"line":9,"column":48}},"3":{"start":{"line":11,"column":24},"end":{"line":11,"column":53}},"4":{"start":{"line":13,"column":25},"end":{"line":13,"column":66}},"5":{"start":{"line":15,"column":12},"end":{"line":15,"column":34}},"6":{"start":{"line":17,"column":13},"end":{"line":17,"column":42}},"7":{"start":{"line":19,"column":16},"end":{"line":19,"column":46}},"8":{"start":{"line":21,"column":17},"end":{"line":21,"column":50}},"9":{"start":{"line":23,"column":14},"end":{"line":23,"column":40}},"10":{"start":{"line":25,"column":15},"end":{"line":25,"column":46}},"11":{"start":{"line":27,"column":23},"end":{"line":27,"column":60}},"12":{"start":{"line":29,"column":24},"end":{"line":29,"column":64}},"13":{"start":{"line":31,"column":39},"end":{"line":31,"column":93}},"14":{"start":{"line":36,"column":13},"end":{"line":36,"column":39}},"15":{"start":{"line":40,"column":0},"end":{"line":40,"column":36}},"16":{"start":{"line":44,"column":0},"end":{"line":44,"column":46}},"17":{"start":{"line":49,"column":0},"end":{"line":49,"column":64}},"18":{"start":{"line":54,"column":0},"end":{"line":54,"column":119}},"19":{"start":{"line":56,"column":0},"end":{"line":56,"column":25}}},"fnMap":{"0":{"name":"_interopRequireDefault","decl":{"start":{"line":31,"column":9},"end":{"line":31,"column":31}},"loc":{"start":{"line":31,"column":37},"end":{"line":31,"column":95}},"line":31}},"branchMap":{"0":{"loc":{"start":{"line":31,"column":46},"end":{"line":31,"column":92}},"type":"cond-expr","locations":[{"start":{"line":31,"column":70},"end":{"line":31,"column":73}},{"start":{"line":31,"column":76},"end":{"line":31,"column":92}}],"line":31},"1":{"loc":{"start":{"line":31,"column":46},"end":{"line":31,"column":67}},"type":"binary-expr","locations":[{"start":{"line":31,"column":46},"end":{"line":31,"column":49}},{"start":{"line":31,"column":53},"end":{"line":31,"column":67}}],"line":31}},"s":{"0":1,"1":1,"2":1,"3":1,"4":1,"5":1,"6":1,"7":1,"8":1,"9":1,"10":1,"11":1,"12":1,"13":6,"14":1,"15":1,"16":1,"17":1,"18":1,"19":1},"f":{"0":6},"b":{"0":[4,2],"1":[6,6]},"_coverageSchema":"332fd63041d2c1bcb487cc26dd0d5f7d97098a6c","hash":"186dbe5ffcb819d9e97429a38e8f7f1dd8d6c050","contentHash":"1a71e47b48b39819a01560ea91da69de_11.6.0"},"/Users/Damola/Desktop/WeConnect/WEConnect/server/router/auth/auth.js":{"path":"/Users/Damola/Desktop/WeConnect/WEConnect/server/router/auth/auth.js","statementMap":{"0":{"start":{"line":3,"column":0},"end":{"line":5,"column":3}},"1":{"start":{"line":7,"column":15},"end":{"line":7,"column":33}},"2":{"start":{"line":9,"column":16},"end":{"line":9,"column":48}},"3":{"start":{"line":11,"column":12},"end":{"line":11,"column":45}},"4":{"start":{"line":13,"column":13},"end":{"line":13,"column":42}},"5":{"start":{"line":15,"column":18},"end":{"line":15,"column":57}},"6":{"start":{"line":17,"column":19},"end":{"line":17,"column":54}},"7":{"start":{"line":19,"column":39},"end":{"line":19,"column":93}},"8":{"start":{"line":24,"column":17},"end":{"line":24,"column":43}},"9":{"start":{"line":31,"column":0},"end":{"line":31,"column":89}},"10":{"start":{"line":35,"column":0},"end":{"line":35,"column":92}},"11":{"start":{"line":37,"column":0},"end":{"line":37,"column":29}}},"fnMap":{"0":{"name":"_interopRequireDefault","decl":{"start":{"line":19,"column":9},"end":{"line":19,"column":31}},"loc":{"start":{"line":19,"column":37},"end":{"line":19,"column":95}},"line":19}},"branchMap":{"0":{"loc":{"start":{"line":19,"column":46},"end":{"line":19,"column":92}},"type":"cond-expr","locations":[{"start":{"line":19,"column":70},"end":{"line":19,"column":73}},{"start":{"line":19,"column":76},"end":{"line":19,"column":92}}],"line":19},"1":{"loc":{"start":{"line":19,"column":46},"end":{"line":19,"column":67}},"type":"binary-expr","locations":[{"start":{"line":19,"column":46},"end":{"line":19,"column":49}},{"start":{"line":19,"column":53},"end":{"line":19,"column":67}}],"line":19}},"s":{"0":1,"1":1,"2":1,"3":1,"4":1,"5":1,"6":1,"7":3,"8":1,"9":1,"10":1,"11":1},"f":{"0":3},"b":{"0":[1,2],"1":[3,3]},"_coverageSchema":"332fd63041d2c1bcb487cc26dd0d5f7d97098a6c","hash":"4d3eee5e80ff9a2ad26469596c07ef969cd2d7bb","contentHash":"8a480ebb494886a29bd95c17986c23aa_11.6.0"},"/Users/Damola/Desktop/WeConnect/WEConnect/server/controllers/auth.js":{"path":"/Users/Damola/Desktop/WeConnect/WEConnect/server/controllers/auth.js","statementMap":{"0":{"start":{"line":3,"column":0},"end":{"line":5,"column":3}},"1":{"start":{"line":7,"column":19},"end":{"line":7,"column":563}},"2":{"start":{"line":7,"column":76},"end":{"line":7,"column":347}},"3":{"start":{"line":7,"column":134},"end":{"line":7,"column":142}},"4":{"start":{"line":7,"column":144},"end":{"line":7,"column":199}},"5":{"start":{"line":7,"column":200},"end":{"line":7,"column":231}},"6":{"start":{"line":7,"column":232},"end":{"line":7,"column":286}},"7":{"start":{"line":7,"column":259},"end":{"line":7,"column":286}},"8":{"start":{"line":7,"column":287},"end":{"line":7,"column":345}},"9":{"start":{"line":7,"column":350},"end":{"line":7,"column":559}},"10":{"start":{"line":7,"column":407},"end":{"line":7,"column":475}},"11":{"start":{"line":7,"column":423},"end":{"line":7,"column":475}},"12":{"start":{"line":7,"column":476},"end":{"line":7,"column":536}},"13":{"start":{"line":7,"column":493},"end":{"line":7,"column":536}},"14":{"start":{"line":7,"column":537},"end":{"line":7,"column":556}},"15":{"start":{"line":9,"column":17},"end":{"line":9,"column":37}},"16":{"start":{"line":11,"column":18},"end":{"line":11,"column":52}},"17":{"start":{"line":13,"column":20},"end":{"line":13,"column":43}},"18":{"start":{"line":15,"column":21},"end":{"line":15,"column":58}},"19":{"start":{"line":17,"column":14},"end":{"line":17,"column":31}},"20":{"start":{"line":19,"column":15},"end":{"line":19,"column":46}},"21":{"start":{"line":21,"column":14},"end":{"line":21,"column":34}},"22":{"start":{"line":23,"column":15},"end":{"line":23,"column":46}},"23":{"start":{"line":25,"column":39},"end":{"line":25,"column":93}},"24":{"start":{"line":27,"column":44},"end":{"line":27,"column":195}},"25":{"start":{"line":27,"column":62},"end":{"line":27,"column":166}},"26":{"start":{"line":27,"column":176},"end":{"line":27,"column":193}},"27":{"start":{"line":27,"column":196},"end":{"line":27,"column":207}},"28":{"start":{"line":29,"column":50},"end":{"line":29,"column":151}},"29":{"start":{"line":29,"column":92},"end":{"line":29,"column":149}},"30":{"start":{"line":34,"column":11},"end":{"line":142,"column":3}},"31":{"start":{"line":36,"column":4},"end":{"line":36,"column":32}},"32":{"start":{"line":39,"column":2},"end":{"line":139,"column":6}},"33":{"start":{"line":50,"column":22},"end":{"line":50,"column":30}},"34":{"start":{"line":51,"column":18},"end":{"line":51,"column":33}},"35":{"start":{"line":52,"column":21},"end":{"line":52,"column":39}},"36":{"start":{"line":54,"column":6},"end":{"line":83,"column":9}},"37":{"start":{"line":59,"column":24},"end":{"line":59,"column":29}},"38":{"start":{"line":60,"column":8},"end":{"line":62,"column":9}},"39":{"start":{"line":61,"column":10},"end":{"line":61,"column":80}},"40":{"start":{"line":63,"column":8},"end":{"line":78,"column":11}},"41":{"start":{"line":64,"column":23},"end":{"line":64,"column":28}},"42":{"start":{"line":65,"column":10},"end":{"line":76,"column":11}},"43":{"start":{"line":66,"column":24},"end":{"line":66,"column":112}},"44":{"start":{"line":67,"column":12},"end":{"line":71,"column":15}},"45":{"start":{"line":72,"column":17},"end":{"line":76,"column":11}},"46":{"start":{"line":73,"column":12},"end":{"line":75,"column":15}},"47":{"start":{"line":77,"column":10},"end":{"line":77,"column":80}},"48":{"start":{"line":80,"column":8},"end":{"line":82,"column":11}},"49":{"start":{"line":97,"column":23},"end":{"line":97,"column":31}},"50":{"start":{"line":98,"column":22},"end":{"line":98,"column":42}},"51":{"start":{"line":99,"column":21},"end":{"line":99,"column":40}},"52":{"start":{"line":100,"column":19},"end":{"line":100,"column":36}},"53":{"start":{"line":101,"column":18},"end":{"line":101,"column":34}},"54":{"start":{"line":102,"column":21},"end":{"line":102,"column":40}},"55":{"start":{"line":104,"column":6},"end":{"line":137,"column":9}},"56":{"start":{"line":105,"column":24},"end":{"line":105,"column":30}},"57":{"start":{"line":106,"column":8},"end":{"line":110,"column":9}},"58":{"start":{"line":107,"column":10},"end":{"line":109,"column":13}},"59":{"start":{"line":111,"column":8},"end":{"line":136,"column":11}},"60":{"start":{"line":112,"column":23},"end":{"line":112,"column":28}},"61":{"start":{"line":113,"column":10},"end":{"line":117,"column":11}},"62":{"start":{"line":114,"column":12},"end":{"line":116,"column":15}},"63":{"start":{"line":118,"column":10},"end":{"line":135,"column":13}},"64":{"start":{"line":125,"column":24},"end":{"line":125,"column":112}},"65":{"start":{"line":126,"column":12},"end":{"line":130,"column":15}},"66":{"start":{"line":132,"column":12},"end":{"line":134,"column":15}},"67":{"start":{"line":141,"column":2},"end":{"line":141,"column":14}},"68":{"start":{"line":144,"column":0},"end":{"line":144,"column":23}}},"fnMap":{"0":{"name":"(anonymous_0)","decl":{"start":{"line":7,"column":19},"end":{"line":7,"column":20}},"loc":{"start":{"line":7,"column":31},"end":{"line":7,"column":561}},"line":7},"1":{"name":"defineProperties","decl":{"start":{"line":7,"column":42},"end":{"line":7,"column":58}},"loc":{"start":{"line":7,"column":74},"end":{"line":7,"column":349}},"line":7},"2":{"name":"(anonymous_2)","decl":{"start":{"line":7,"column":357},"end":{"line":7,"column":358}},"loc":{"start":{"line":7,"column":405},"end":{"line":7,"column":558}},"line":7},"3":{"name":"_interopRequireDefault","decl":{"start":{"line":25,"column":9},"end":{"line":25,"column":31}},"loc":{"start":{"line":25,"column":37},"end":{"line":25,"column":95}},"line":25},"4":{"name":"_defineProperty","decl":{"start":{"line":27,"column":9},"end":{"line":27,"column":24}},"loc":{"start":{"line":27,"column":42},"end":{"line":27,"column":209}},"line":27},"5":{"name":"_classCallCheck","decl":{"start":{"line":29,"column":9},"end":{"line":29,"column":24}},"loc":{"start":{"line":29,"column":48},"end":{"line":29,"column":153}},"line":29},"6":{"name":"(anonymous_6)","decl":{"start":{"line":34,"column":11},"end":{"line":34,"column":12}},"loc":{"start":{"line":34,"column":23},"end":{"line":142,"column":1}},"line":34},"7":{"name":"Auth","decl":{"start":{"line":35,"column":11},"end":{"line":35,"column":15}},"loc":{"start":{"line":35,"column":18},"end":{"line":37,"column":3}},"line":35},"8":{"name":"loginUser","decl":{"start":{"line":49,"column":20},"end":{"line":49,"column":29}},"loc":{"start":{"line":49,"column":40},"end":{"line":84,"column":5}},"line":49},"9":{"name":"(anonymous_9)","decl":{"start":{"line":58,"column":14},"end":{"line":58,"column":15}},"loc":{"start":{"line":58,"column":30},"end":{"line":79,"column":7}},"line":58},"10":{"name":"(anonymous_10)","decl":{"start":{"line":63,"column":58},"end":{"line":63,"column":59}},"loc":{"start":{"line":63,"column":93},"end":{"line":78,"column":9}},"line":63},"11":{"name":"(anonymous_11)","decl":{"start":{"line":79,"column":15},"end":{"line":79,"column":16}},"loc":{"start":{"line":79,"column":32},"end":{"line":83,"column":7}},"line":79},"12":{"name":"signupUser","decl":{"start":{"line":96,"column":20},"end":{"line":96,"column":30}},"loc":{"start":{"line":96,"column":41},"end":{"line":138,"column":5}},"line":96},"13":{"name":"(anonymous_13)","decl":{"start":{"line":104,"column":137},"end":{"line":104,"column":138}},"loc":{"start":{"line":104,"column":153},"end":{"line":137,"column":7}},"line":104},"14":{"name":"(anonymous_14)","decl":{"start":{"line":111,"column":43},"end":{"line":111,"column":44}},"loc":{"start":{"line":111,"column":64},"end":{"line":136,"column":9}},"line":111},"15":{"name":"(anonymous_15)","decl":{"start":{"line":124,"column":18},"end":{"line":124,"column":19}},"loc":{"start":{"line":124,"column":37},"end":{"line":131,"column":11}},"line":124},"16":{"name":"(anonymous_16)","decl":{"start":{"line":131,"column":19},"end":{"line":131,"column":20}},"loc":{"start":{"line":131,"column":36},"end":{"line":135,"column":11}},"line":131}},"branchMap":{"0":{"loc":{"start":{"line":7,"column":168},"end":{"line":7,"column":198}},"type":"binary-expr","locations":[{"start":{"line":7,"column":168},"end":{"line":7,"column":189}},{"start":{"line":7,"column":193},"end":{"line":7,"column":198}}],"line":7},"1":{"loc":{"start":{"line":7,"column":232},"end":{"line":7,"column":286}},"type":"if","locations":[{"start":{"line":7,"column":232},"end":{"line":7,"column":286}},{"start":{"line":7,"column":232},"end":{"line":7,"column":286}}],"line":7},"2":{"loc":{"start":{"line":7,"column":407},"end":{"line":7,"column":475}},"type":"if","locations":[{"start":{"line":7,"column":407},"end":{"line":7,"column":475}},{"start":{"line":7,"column":407},"end":{"line":7,"column":475}}],"line":7},"3":{"loc":{"start":{"line":7,"column":476},"end":{"line":7,"column":536}},"type":"if","locations":[{"start":{"line":7,"column":476},"end":{"line":7,"column":536}},{"start":{"line":7,"column":476},"end":{"line":7,"column":536}}],"line":7},"4":{"loc":{"start":{"line":25,"column":46},"end":{"line":25,"column":92}},"type":"cond-expr","locations":[{"start":{"line":25,"column":70},"end":{"line":25,"column":73}},{"start":{"line":25,"column":76},"end":{"line":25,"column":92}}],"line":25},"5":{"loc":{"start":{"line":25,"column":46},"end":{"line":25,"column":67}},"type":"binary-expr","locations":[{"start":{"line":25,"column":46},"end":{"line":25,"column":49}},{"start":{"line":25,"column":53},"end":{"line":25,"column":67}}],"line":25},"6":{"loc":{"start":{"line":27,"column":44},"end":{"line":27,"column":195}},"type":"if","locations":[{"start":{"line":27,"column":44},"end":{"line":27,"column":195}},{"start":{"line":27,"column":44},"end":{"line":27,"column":195}}],"line":27},"7":{"loc":{"start":{"line":29,"column":50},"end":{"line":29,"column":151}},"type":"if","locations":[{"start":{"line":29,"column":50},"end":{"line":29,"column":151}},{"start":{"line":29,"column":50},"end":{"line":29,"column":151}}],"line":29},"8":{"loc":{"start":{"line":60,"column":8},"end":{"line":62,"column":9}},"type":"if","locations":[{"start":{"line":60,"column":8},"end":{"line":62,"column":9}},{"start":{"line":60,"column":8},"end":{"line":62,"column":9}}],"line":60},"9":{"loc":{"start":{"line":65,"column":10},"end":{"line":76,"column":11}},"type":"if","locations":[{"start":{"line":65,"column":10},"end":{"line":76,"column":11}},{"start":{"line":65,"column":10},"end":{"line":76,"column":11}}],"line":65},"10":{"loc":{"start":{"line":72,"column":17},"end":{"line":76,"column":11}},"type":"if","locations":[{"start":{"line":72,"column":17},"end":{"line":76,"column":11}},{"start":{"line":72,"column":17},"end":{"line":76,"column":11}}],"line":72},"11":{"loc":{"start":{"line":106,"column":8},"end":{"line":110,"column":9}},"type":"if","locations":[{"start":{"line":106,"column":8},"end":{"line":110,"column":9}},{"start":{"line":106,"column":8},"end":{"line":110,"column":9}}],"line":106},"12":{"loc":{"start":{"line":113,"column":10},"end":{"line":117,"column":11}},"type":"if","locations":[{"start":{"line":113,"column":10},"end":{"line":117,"column":11}},{"start":{"line":113,"column":10},"end":{"line":117,"column":11}}],"line":113}},"s":{"0":1,"1":1,"2":1,"3":2,"4":2,"5":2,"6":2,"7":2,"8":2,"9":1,"10":1,"11":0,"12":1,"13":1,"14":1,"15":1,"16":1,"17":1,"18":1,"19":1,"20":1,"21":1,"22":1,"23":4,"24":0,"25":0,"26":0,"27":0,"28":0,"29":0,"30":1,"31":0,"32":1,"33":0,"34":0,"35":0,"36":0,"37":0,"38":0,"39":0,"40":0,"41":0,"42":0,"43":0,"44":0,"45":0,"46":0,"47":0,"48":0,"49":0,"50":0,"51":0,"52":0,"53":0,"54":0,"55":0,"56":0,"57":0,"58":0,"59":0,"60":0,"61":0,"62":0,"63":0,"64":0,"65":0,"66":0,"67":1,"68":1},"f":{"0":1,"1":1,"2":1,"3":4,"4":0,"5":0,"6":1,"7":0,"8":0,"9":0,"10":0,"11":0,"12":0,"13":0,"14":0,"15":0,"16":0},"b":{"0":[2,2],"1":[2,0],"2":[0,1],"3":[1,0],"4":[0,4],"5":[4,4],"6":[0,0],"7":[0,0],"8":[0,0],"9":[0,0],"10":[0,0],"11":[0,0],"12":[0,0]},"_coverageSchema":"332fd63041d2c1bcb487cc26dd0d5f7d97098a6c","hash":"c71c46b50b8e9d430bdea6ee1ca2cd403b95a995","contentHash":"8c5a472a4e04ffa248b540130e501410_11.6.0"},"/Users/Damola/Desktop/WeConnect/WEConnect/server/models/index.js":{"path":"/Users/Damola/Desktop/WeConnect/WEConnect/server/models/index.js","statementMap":{"0":{"start":{"line":3,"column":10},"end":{"line":3,"column":23}},"1":{"start":{"line":5,"column":11},"end":{"line":5,"column":38}},"2":{"start":{"line":7,"column":17},"end":{"line":7,"column":37}},"3":{"start":{"line":9,"column":18},"end":{"line":9,"column":52}},"4":{"start":{"line":11,"column":12},"end":{"line":11,"column":27}},"5":{"start":{"line":13,"column":13},"end":{"line":13,"column":42}},"6":{"start":{"line":15,"column":14},"end":{"line":15,"column":41}},"7":{"start":{"line":17,"column":15},"end":{"line":17,"column":46}},"8":{"start":{"line":19,"column":39},"end":{"line":19,"column":93}},"9":{"start":{"line":21,"column":15},"end":{"line":21,"column":50}},"10":{"start":{"line":22,"column":10},"end":{"line":22,"column":47}},"11":{"start":{"line":23,"column":13},"end":{"line":23,"column":34}},"12":{"start":{"line":24,"column":9},"end":{"line":24,"column":11}},"13":{"start":{"line":25,"column":16},"end":{"line":25,"column":22}},"14":{"start":{"line":26,"column":0},"end":{"line":30,"column":1}},"15":{"start":{"line":27,"column":2},"end":{"line":27,"column":84}},"16":{"start":{"line":29,"column":2},"end":{"line":29,"column":97}},"17":{"start":{"line":32,"column":0},"end":{"line":37,"column":3}},"18":{"start":{"line":33,"column":2},"end":{"line":33,"column":82}},"19":{"start":{"line":35,"column":14},"end":{"line":35,"column":68}},"20":{"start":{"line":36,"column":2},"end":{"line":36,"column":25}},"21":{"start":{"line":39,"column":0},"end":{"line":43,"column":3}},"22":{"start":{"line":40,"column":2},"end":{"line":42,"column":3}},"23":{"start":{"line":41,"column":4},"end":{"line":41,"column":32}},"24":{"start":{"line":45,"column":0},"end":{"line":45,"column":25}},"25":{"start":{"line":46,"column":0},"end":{"line":46,"column":35}},"26":{"start":{"line":48,"column":0},"end":{"line":48,"column":20}}},"fnMap":{"0":{"name":"_interopRequireDefault","decl":{"start":{"line":19,"column":9},"end":{"line":19,"column":31}},"loc":{"start":{"line":19,"column":37},"end":{"line":19,"column":95}},"line":19},"1":{"name":"(anonymous_1)","decl":{"start":{"line":32,"column":43},"end":{"line":32,"column":44}},"loc":{"start":{"line":32,"column":59},"end":{"line":34,"column":1}},"line":32},"2":{"name":"(anonymous_2)","decl":{"start":{"line":34,"column":11},"end":{"line":34,"column":12}},"loc":{"start":{"line":34,"column":27},"end":{"line":37,"column":1}},"line":34},"3":{"name":"(anonymous_3)","decl":{"start":{"line":39,"column":24},"end":{"line":39,"column":25}},"loc":{"start":{"line":39,"column":45},"end":{"line":43,"column":1}},"line":39}},"branchMap":{"0":{"loc":{"start":{"line":19,"column":46},"end":{"line":19,"column":92}},"type":"cond-expr","locations":[{"start":{"line":19,"column":70},"end":{"line":19,"column":73}},{"start":{"line":19,"column":76},"end":{"line":19,"column":92}}],"line":19},"1":{"loc":{"start":{"line":19,"column":46},"end":{"line":19,"column":67}},"type":"binary-expr","locations":[{"start":{"line":19,"column":46},"end":{"line":19,"column":49}},{"start":{"line":19,"column":53},"end":{"line":19,"column":67}}],"line":19},"2":{"loc":{"start":{"line":22,"column":10},"end":{"line":22,"column":47}},"type":"binary-expr","locations":[{"start":{"line":22,"column":10},"end":{"line":22,"column":30}},{"start":{"line":22,"column":34},"end":{"line":22,"column":47}}],"line":22},"3":{"loc":{"start":{"line":26,"column":0},"end":{"line":30,"column":1}},"type":"if","locations":[{"start":{"line":26,"column":0},"end":{"line":30,"column":1}},{"start":{"line":26,"column":0},"end":{"line":30,"column":1}}],"line":26},"4":{"loc":{"start":{"line":33,"column":9},"end":{"line":33,"column":81}},"type":"binary-expr","locations":[{"start":{"line":33,"column":9},"end":{"line":33,"column":32}},{"start":{"line":33,"column":36},"end":{"line":33,"column":53}},{"start":{"line":33,"column":57},"end":{"line":33,"column":81}}],"line":33},"5":{"loc":{"start":{"line":40,"column":2},"end":{"line":42,"column":3}},"type":"if","locations":[{"start":{"line":40,"column":2},"end":{"line":42,"column":3}},{"start":{"line":40,"column":2},"end":{"line":42,"column":3}}],"line":40}},"s":{"0":1,"1":1,"2":1,"3":1,"4":1,"5":1,"6":1,"7":1,"8":4,"9":1,"10":1,"11":1,"12":1,"13":1,"14":1,"15":0,"16":1,"17":1,"18":4,"19":3,"20":3,"21":1,"22":3,"23":3,"24":1,"25":1,"26":1},"f":{"0":4,"1":4,"2":3,"3":3},"b":{"0":[0,4],"1":[4,4],"2":[1,1],"3":[0,1],"4":[4,4,3],"5":[3,0]},"_coverageSchema":"332fd63041d2c1bcb487cc26dd0d5f7d97098a6c","hash":"b835457d7dd5fa43458972e212b832696f91740e","contentHash":"0a8c107a9b034ce14d19513de8d91adf_11.6.0"},"/Users/Damola/Desktop/WeConnect/WEConnect/server/config/config.js":{"path":"/Users/Damola/Desktop/WeConnect/WEConnect/server/config/config.js","statementMap":{"0":{"start":{"line":3,"column":0},"end":{"line":3,"column":27}},"1":{"start":{"line":5,"column":0},"end":{"line":24,"column":2}}},"fnMap":{},"branchMap":{},"s":{"0":1,"1":1},"f":{},"b":{},"_coverageSchema":"332fd63041d2c1bcb487cc26dd0d5f7d97098a6c","hash":"f06e19e6903bcc139002ca0d071ea41d36a81f09","contentHash":"0e8ed77497f6b4818d97d14d2c68d15e_11.6.0"},"/Users/Damola/Desktop/WeConnect/WEConnect/server/models/businesses.js":{"path":"/Users/Damola/Desktop/WeConnect/WEConnect/server/models/businesses.js","statementMap":{"0":{"start":{"line":3,"column":0},"end":{"line":41,"column":2}},"1":{"start":{"line":4,"column":19},"end":{"line":30,"column":4}},"2":{"start":{"line":31,"column":2},"end":{"line":39,"column":4}},"3":{"start":{"line":32,"column":4},"end":{"line":34,"column":7}},"4":{"start":{"line":35,"column":4},"end":{"line":38,"column":7}},"5":{"start":{"line":40,"column":2},"end":{"line":40,"column":20}}},"fnMap":{"0":{"name":"(anonymous_0)","decl":{"start":{"line":3,"column":17},"end":{"line":3,"column":18}},"loc":{"start":{"line":3,"column":49},"end":{"line":41,"column":1}},"line":3},"1":{"name":"(anonymous_1)","decl":{"start":{"line":31,"column":25},"end":{"line":31,"column":26}},"loc":{"start":{"line":31,"column":43},"end":{"line":39,"column":3}},"line":31}},"branchMap":{},"s":{"0":1,"1":1,"2":1,"3":1,"4":1,"5":1},"f":{"0":1,"1":1},"b":{},"_coverageSchema":"332fd63041d2c1bcb487cc26dd0d5f7d97098a6c","hash":"16d5dbc976f141d849628ba92e41921980ecaeee","contentHash":"bd0f29d2475614205e50b11bc4bb3642_11.6.0"},"/Users/Damola/Desktop/WeConnect/WEConnect/server/models/reviews.js":{"path":"/Users/Damola/Desktop/WeConnect/WEConnect/server/models/reviews.js","statementMap":{"0":{"start":{"line":3,"column":0},"end":{"line":29,"column":2}},"1":{"start":{"line":4,"column":16},"end":{"line":20,"column":4}},"2":{"start":{"line":21,"column":2},"end":{"line":26,"column":4}},"3":{"start":{"line":22,"column":4},"end":{"line":25,"column":7}},"4":{"start":{"line":28,"column":2},"end":{"line":28,"column":17}}},"fnMap":{"0":{"name":"(anonymous_0)","decl":{"start":{"line":3,"column":17},"end":{"line":3,"column":18}},"loc":{"start":{"line":3,"column":49},"end":{"line":29,"column":1}},"line":3},"1":{"name":"(anonymous_1)","decl":{"start":{"line":21,"column":22},"end":{"line":21,"column":23}},"loc":{"start":{"line":21,"column":40},"end":{"line":26,"column":3}},"line":21}},"branchMap":{},"s":{"0":1,"1":1,"2":1,"3":1,"4":1},"f":{"0":1,"1":1},"b":{},"_coverageSchema":"332fd63041d2c1bcb487cc26dd0d5f7d97098a6c","hash":"4e76f4ae1e1342b79c2cc07634151ccd4d38d47a","contentHash":"bc0510e9ef7c8c9101549c5606d43024_11.6.0"},"/Users/Damola/Desktop/WeConnect/WEConnect/server/models/users.js":{"path":"/Users/Damola/Desktop/WeConnect/WEConnect/server/models/users.js","statementMap":{"0":{"start":{"line":3,"column":0},"end":{"line":43,"column":2}},"1":{"start":{"line":4,"column":13},"end":{"line":36,"column":4}},"2":{"start":{"line":37,"column":2},"end":{"line":41,"column":4}},"3":{"start":{"line":38,"column":4},"end":{"line":40,"column":7}},"4":{"start":{"line":42,"column":2},"end":{"line":42,"column":14}}},"fnMap":{"0":{"name":"(anonymous_0)","decl":{"start":{"line":3,"column":17},"end":{"line":3,"column":18}},"loc":{"start":{"line":3,"column":49},"end":{"line":43,"column":1}},"line":3},"1":{"name":"(anonymous_1)","decl":{"start":{"line":37,"column":19},"end":{"line":37,"column":20}},"loc":{"start":{"line":37,"column":37},"end":{"line":41,"column":3}},"line":37}},"branchMap":{},"s":{"0":1,"1":1,"2":1,"3":1,"4":1},"f":{"0":1,"1":1},"b":{},"_coverageSchema":"332fd63041d2c1bcb487cc26dd0d5f7d97098a6c","hash":"ed25663b96c7c08d48c05a4266983927723fa855","contentHash":"8bb826e74c78a799ab0dda3548faac16_11.6.0"},"/Users/Damola/Desktop/WeConnect/WEConnect/server/middlewares/validation.js":{"path":"/Users/Damola/Desktop/WeConnect/WEConnect/server/middlewares/validation.js","statementMap":{"0":{"start":{"line":3,"column":15},"end":{"line":3,"column":256}},"1":{"start":{"line":3,"column":52},"end":{"line":3,"column":239}},"2":{"start":{"line":3,"column":110},"end":{"line":3,"column":122}},"3":{"start":{"line":3,"column":124},"end":{"line":3,"column":237}},"4":{"start":{"line":3,"column":150},"end":{"line":3,"column":235}},"5":{"start":{"line":3,"column":207},"end":{"line":3,"column":233}},"6":{"start":{"line":3,"column":240},"end":{"line":3,"column":254}},"7":{"start":{"line":5,"column":20},"end":{"line":5,"column":43}},"8":{"start":{"line":7,"column":21},"end":{"line":7,"column":58}},"9":{"start":{"line":9,"column":17},"end":{"line":9,"column":37}},"10":{"start":{"line":11,"column":18},"end":{"line":11,"column":52}},"11":{"start":{"line":13,"column":14},"end":{"line":13,"column":34}},"12":{"start":{"line":15,"column":15},"end":{"line":15,"column":46}},"13":{"start":{"line":17,"column":39},"end":{"line":17,"column":93}},"14":{"start":{"line":19,"column":31},"end":{"line":31,"column":1}},"15":{"start":{"line":20,"column":21},"end":{"line":20,"column":38}},"16":{"start":{"line":21,"column":24},"end":{"line":21,"column":44}},"17":{"start":{"line":22,"column":14},"end":{"line":22,"column":24}},"18":{"start":{"line":23,"column":24},"end":{"line":23,"column":44}},"19":{"start":{"line":24,"column":17},"end":{"line":24,"column":30}},"20":{"start":{"line":25,"column":20},"end":{"line":25,"column":36}},"21":{"start":{"line":26,"column":15},"end":{"line":26,"column":26}},"22":{"start":{"line":27,"column":13},"end":{"line":27,"column":22}},"23":{"start":{"line":28,"column":16},"end":{"line":28,"column":28}},"24":{"start":{"line":29,"column":14},"end":{"line":29,"column":24}},"25":{"start":{"line":30,"column":2},"end":{"line":30,"column":500}},"26":{"start":{"line":32,"column":24},"end":{"line":39,"column":1}},"27":{"start":{"line":41,"column":16},"end":{"line":43,"column":1}},"28":{"start":{"line":42,"column":2},"end":{"line":42,"column":57}},"29":{"start":{"line":45,"column":27},"end":{"line":56,"column":1}},"30":{"start":{"line":46,"column":2},"end":{"line":55,"column":5}},"31":{"start":{"line":47,"column":4},"end":{"line":53,"column":5}},"32":{"start":{"line":48,"column":6},"end":{"line":50,"column":7}},"33":{"start":{"line":49,"column":8},"end":{"line":49,"column":103}},"34":{"start":{"line":52,"column":6},"end":{"line":52,"column":58}},"35":{"start":{"line":54,"column":4},"end":{"line":54,"column":60}},"36":{"start":{"line":58,"column":24},"end":{"line":66,"column":1}},"37":{"start":{"line":59,"column":22},"end":{"line":59,"column":42}},"38":{"start":{"line":60,"column":23},"end":{"line":64,"column":4}},"39":{"start":{"line":61,"column":4},"end":{"line":61,"column":29}},"40":{"start":{"line":63,"column":4},"end":{"line":63,"column":60}},"41":{"start":{"line":65,"column":2},"end":{"line":65,"column":24}},"42":{"start":{"line":68,"column":21},"end":{"line":89,"column":1}},"43":{"start":{"line":69,"column":18},"end":{"line":69,"column":26}},"44":{"start":{"line":70,"column":14},"end":{"line":70,"column":29}},"45":{"start":{"line":71,"column":17},"end":{"line":71,"column":35}},"46":{"start":{"line":73,"column":16},"end":{"line":73,"column":22}},"47":{"start":{"line":74,"column":19},"end":{"line":74,"column":28}},"48":{"start":{"line":75,"column":2},"end":{"line":85,"column":3}},"49":{"start":{"line":76,"column":4},"end":{"line":76,"column":84}},"50":{"start":{"line":77,"column":9},"end":{"line":85,"column":3}},"51":{"start":{"line":78,"column":4},"end":{"line":78,"column":69}},"52":{"start":{"line":79,"column":9},"end":{"line":85,"column":3}},"53":{"start":{"line":80,"column":4},"end":{"line":80,"column":66}},"54":{"start":{"line":81,"column":9},"end":{"line":85,"column":3}},"55":{"start":{"line":82,"column":4},"end":{"line":82,"column":74}},"56":{"start":{"line":83,"column":9},"end":{"line":85,"column":3}},"57":{"start":{"line":84,"column":4},"end":{"line":84,"column":79}},"58":{"start":{"line":86,"column":2},"end":{"line":88,"column":3}},"59":{"start":{"line":87,"column":4},"end":{"line":87,"column":11}},"60":{"start":{"line":91,"column":22},"end":{"line":125,"column":1}},"61":{"start":{"line":92,"column":19},"end":{"line":92,"column":27}},"62":{"start":{"line":93,"column":18},"end":{"line":93,"column":38}},"63":{"start":{"line":94,"column":17},"end":{"line":94,"column":36}},"64":{"start":{"line":95,"column":15},"end":{"line":95,"column":32}},"65":{"start":{"line":96,"column":14},"end":{"line":96,"column":30}},"66":{"start":{"line":97,"column":17},"end":{"line":97,"column":36}},"67":{"start":{"line":99,"column":2},"end":{"line":103,"column":3}},"68":{"start":{"line":100,"column":4},"end":{"line":102,"column":7}},"69":{"start":{"line":104,"column":2},"end":{"line":108,"column":3}},"70":{"start":{"line":105,"column":4},"end":{"line":107,"column":7}},"71":{"start":{"line":109,"column":2},"end":{"line":111,"column":3}},"72":{"start":{"line":110,"column":4},"end":{"line":110,"column":81}},"73":{"start":{"line":112,"column":2},"end":{"line":114,"column":3}},"74":{"start":{"line":113,"column":4},"end":{"line":113,"column":77}},"75":{"start":{"line":115,"column":2},"end":{"line":117,"column":3}},"76":{"start":{"line":116,"column":4},"end":{"line":116,"column":79}},"77":{"start":{"line":118,"column":2},"end":{"line":124,"column":3}},"78":{"start":{"line":119,"column":4},"end":{"line":119,"column":11}},"79":{"start":{"line":121,"column":4},"end":{"line":123,"column":7}},"80":{"start":{"line":127,"column":32},"end":{"line":196,"column":1}},"81":{"start":{"line":128,"column":21},"end":{"line":128,"column":27}},"82":{"start":{"line":129,"column":24},"end":{"line":129,"column":30}},"83":{"start":{"line":130,"column":14},"end":{"line":130,"column":20}},"84":{"start":{"line":131,"column":24},"end":{"line":131,"column":30}},"85":{"start":{"line":132,"column":17},"end":{"line":132,"column":23}},"86":{"start":{"line":133,"column":20},"end":{"line":133,"column":26}},"87":{"start":{"line":134,"column":15},"end":{"line":134,"column":21}},"88":{"start":{"line":135,"column":13},"end":{"line":135,"column":19}},"89":{"start":{"line":136,"column":16},"end":{"line":136,"column":22}},"90":{"start":{"line":137,"column":14},"end":{"line":137,"column":20}},"91":{"start":{"line":138,"column":15},"end":{"line":138,"column":21}},"92":{"start":{"line":139,"column":16},"end":{"line":151,"column":14}},"93":{"start":{"line":152,"column":20},"end":{"line":158,"column":4}},"94":{"start":{"line":153,"column":4},"end":{"line":157,"column":5}},"95":{"start":{"line":154,"column":6},"end":{"line":154,"column":17}},"96":{"start":{"line":155,"column":11},"end":{"line":157,"column":5}},"97":{"start":{"line":156,"column":6},"end":{"line":156,"column":18}},"98":{"start":{"line":159,"column":2},"end":{"line":163,"column":3}},"99":{"start":{"line":160,"column":4},"end":{"line":162,"column":7}},"100":{"start":{"line":165,"column":23},"end":{"line":165,"column":49}},"101":{"start":{"line":166,"column":2},"end":{"line":195,"column":3}},"102":{"start":{"line":167,"column":17},"end":{"line":167,"column":42}},"103":{"start":{"line":168,"column":4},"end":{"line":170,"column":7}},"104":{"start":{"line":171,"column":9},"end":{"line":195,"column":3}},"105":{"start":{"line":172,"column":17},"end":{"line":172,"column":66}},"106":{"start":{"line":174,"column":4},"end":{"line":189,"column":5}},"107":{"start":{"line":175,"column":6},"end":{"line":184,"column":9}},"108":{"start":{"line":176,"column":22},"end":{"line":176,"column":28}},"109":{"start":{"line":177,"column":8},"end":{"line":183,"column":9}},"110":{"start":{"line":178,"column":10},"end":{"line":178,"column":17}},"111":{"start":{"line":180,"column":10},"end":{"line":182,"column":13}},"112":{"start":{"line":186,"column":6},"end":{"line":188,"column":9}},"113":{"start":{"line":191,"column":24},"end":{"line":191,"column":53}},"114":{"start":{"line":192,"column":4},"end":{"line":194,"column":7}},"115":{"start":{"line":198,"column":25},"end":{"line":205,"column":1}},"116":{"start":{"line":199,"column":24},"end":{"line":203,"column":4}},"117":{"start":{"line":200,"column":4},"end":{"line":200,"column":30}},"118":{"start":{"line":202,"column":4},"end":{"line":202,"column":60}},"119":{"start":{"line":204,"column":2},"end":{"line":204,"column":25}},"120":{"start":{"line":207,"column":33},"end":{"line":214,"column":1}},"121":{"start":{"line":208,"column":2},"end":{"line":213,"column":5}},"122":{"start":{"line":209,"column":4},"end":{"line":211,"column":5}},"123":{"start":{"line":210,"column":6},"end":{"line":210,"column":48}},"124":{"start":{"line":212,"column":4},"end":{"line":212,"column":51}},"125":{"start":{"line":216,"column":30},"end":{"line":286,"column":1}},"126":{"start":{"line":217,"column":15},"end":{"line":217,"column":37}},"127":{"start":{"line":218,"column":19},"end":{"line":218,"column":40}},"128":{"start":{"line":220,"column":27},"end":{"line":220,"column":118}},"129":{"start":{"line":221,"column":20},"end":{"line":227,"column":4}},"130":{"start":{"line":222,"column":4},"end":{"line":226,"column":5}},"131":{"start":{"line":223,"column":6},"end":{"line":223,"column":17}},"132":{"start":{"line":224,"column":11},"end":{"line":226,"column":5}},"133":{"start":{"line":225,"column":6},"end":{"line":225,"column":18}},"134":{"start":{"line":228,"column":2},"end":{"line":233,"column":3}},"135":{"start":{"line":229,"column":4},"end":{"line":232,"column":7}},"136":{"start":{"line":234,"column":2},"end":{"line":238,"column":3}},"137":{"start":{"line":235,"column":4},"end":{"line":237,"column":7}},"138":{"start":{"line":240,"column":2},"end":{"line":244,"column":3}},"139":{"start":{"line":241,"column":4},"end":{"line":243,"column":7}},"140":{"start":{"line":245,"column":24},"end":{"line":245,"column":52}},"141":{"start":{"line":246,"column":2},"end":{"line":250,"column":3}},"142":{"start":{"line":247,"column":4},"end":{"line":249,"column":7}},"143":{"start":{"line":251,"column":2},"end":{"line":285,"column":3}},"144":{"start":{"line":252,"column":27},"end":{"line":252,"column":70}},"145":{"start":{"line":253,"column":4},"end":{"line":257,"column":5}},"146":{"start":{"line":254,"column":6},"end":{"line":256,"column":9}},"147":{"start":{"line":258,"column":4},"end":{"line":284,"column":5}},"148":{"start":{"line":259,"column":19},"end":{"line":259,"column":68}},"149":{"start":{"line":260,"column":6},"end":{"line":283,"column":7}},"150":{"start":{"line":261,"column":8},"end":{"line":278,"column":11}},"151":{"start":{"line":262,"column":24},"end":{"line":262,"column":30}},"152":{"start":{"line":263,"column":10},"end":{"line":277,"column":11}},"153":{"start":{"line":264,"column":31},"end":{"line":266,"column":14}},"154":{"start":{"line":265,"column":14},"end":{"line":265,"column":41}},"155":{"start":{"line":267,"column":34},"end":{"line":270,"column":18}},"156":{"start":{"line":268,"column":14},"end":{"line":268,"column":29}},"157":{"start":{"line":269,"column":14},"end":{"line":269,"column":25}},"158":{"start":{"line":271,"column":12},"end":{"line":271,"column":52}},"159":{"start":{"line":272,"column":12},"end":{"line":272,"column":19}},"160":{"start":{"line":274,"column":12},"end":{"line":276,"column":15}},"161":{"start":{"line":280,"column":8},"end":{"line":282,"column":11}},"162":{"start":{"line":288,"column":26},"end":{"line":303,"column":1}},"163":{"start":{"line":289,"column":19},"end":{"line":289,"column":40}},"164":{"start":{"line":291,"column":24},"end":{"line":291,"column":35}},"165":{"start":{"line":292,"column":2},"end":{"line":302,"column":3}},"166":{"start":{"line":293,"column":4},"end":{"line":295,"column":7}},"167":{"start":{"line":296,"column":9},"end":{"line":302,"column":3}},"168":{"start":{"line":297,"column":4},"end":{"line":297,"column":11}},"169":{"start":{"line":299,"column":4},"end":{"line":301,"column":7}},"170":{"start":{"line":305,"column":30},"end":{"line":327,"column":1}},"171":{"start":{"line":306,"column":15},"end":{"line":306,"column":30}},"172":{"start":{"line":307,"column":19},"end":{"line":307,"column":40}},"173":{"start":{"line":309,"column":27},"end":{"line":309,"column":118}},"174":{"start":{"line":310,"column":20},"end":{"line":316,"column":4}},"175":{"start":{"line":311,"column":4},"end":{"line":315,"column":5}},"176":{"start":{"line":312,"column":6},"end":{"line":312,"column":17}},"177":{"start":{"line":313,"column":11},"end":{"line":315,"column":5}},"178":{"start":{"line":314,"column":6},"end":{"line":314,"column":18}},"179":{"start":{"line":317,"column":2},"end":{"line":325,"column":3}},"180":{"start":{"line":318,"column":4},"end":{"line":320,"column":7}},"181":{"start":{"line":321,"column":9},"end":{"line":325,"column":3}},"182":{"start":{"line":322,"column":4},"end":{"line":324,"column":7}},"183":{"start":{"line":326,"column":2},"end":{"line":326,"column":9}},"184":{"start":{"line":329,"column":32},"end":{"line":346,"column":1}},"185":{"start":{"line":330,"column":18},"end":{"line":330,"column":120}},"186":{"start":{"line":331,"column":26},"end":{"line":335,"column":4}},"187":{"start":{"line":332,"column":4},"end":{"line":332,"column":23}},"188":{"start":{"line":334,"column":4},"end":{"line":334,"column":58}},"189":{"start":{"line":336,"column":2},"end":{"line":345,"column":3}},"190":{"start":{"line":337,"column":4},"end":{"line":337,"column":25}},"191":{"start":{"line":338,"column":4},"end":{"line":338,"column":11}},"192":{"start":{"line":339,"column":9},"end":{"line":345,"column":3}},"193":{"start":{"line":340,"column":4},"end":{"line":340,"column":29}},"194":{"start":{"line":341,"column":4},"end":{"line":341,"column":11}},"195":{"start":{"line":343,"column":4},"end":{"line":343,"column":50}},"196":{"start":{"line":344,"column":4},"end":{"line":344,"column":11}},"197":{"start":{"line":348,"column":25},"end":{"line":403,"column":1}},"198":{"start":{"line":349,"column":15},"end":{"line":349,"column":21}},"199":{"start":{"line":350,"column":15},"end":{"line":350,"column":21}},"200":{"start":{"line":351,"column":20},"end":{"line":351,"column":26}},"201":{"start":{"line":352,"column":16},"end":{"line":352,"column":24}},"202":{"start":{"line":353,"column":2},"end":{"line":357,"column":14}},"203":{"start":{"line":358,"column":21},"end":{"line":358,"column":38}},"204":{"start":{"line":359,"column":25},"end":{"line":359,"column":57}},"205":{"start":{"line":360,"column":20},"end":{"line":360,"column":46}},"206":{"start":{"line":361,"column":22},"end":{"line":361,"column":52}},"207":{"start":{"line":362,"column":2},"end":{"line":402,"column":3}},"208":{"start":{"line":363,"column":4},"end":{"line":365,"column":7}},"209":{"start":{"line":366,"column":9},"end":{"line":402,"column":3}},"210":{"start":{"line":367,"column":4},"end":{"line":369,"column":7}},"211":{"start":{"line":370,"column":9},"end":{"line":402,"column":3}},"212":{"start":{"line":371,"column":4},"end":{"line":373,"column":7}},"213":{"start":{"line":374,"column":9},"end":{"line":402,"column":3}},"214":{"start":{"line":375,"column":4},"end":{"line":401,"column":7}},"215":{"start":{"line":376,"column":23},"end":{"line":376,"column":33}},"216":{"start":{"line":377,"column":6},"end":{"line":400,"column":7}},"217":{"start":{"line":378,"column":8},"end":{"line":395,"column":9}},"218":{"start":{"line":379,"column":10},"end":{"line":390,"column":13}},"219":{"start":{"line":380,"column":25},"end":{"line":380,"column":31}},"220":{"start":{"line":381,"column":12},"end":{"line":389,"column":13}},"221":{"start":{"line":382,"column":14},"end":{"line":382,"column":50}},"222":{"start":{"line":383,"column":14},"end":{"line":383,"column":48}},"223":{"start":{"line":384,"column":14},"end":{"line":384,"column":21}},"224":{"start":{"line":386,"column":14},"end":{"line":388,"column":17}},"225":{"start":{"line":392,"column":10},"end":{"line":394,"column":13}},"226":{"start":{"line":397,"column":8},"end":{"line":399,"column":11}},"227":{"start":{"line":405,"column":0},"end":{"line":414,"column":2}}},"fnMap":{"0":{"name":"(anonymous_0)","decl":{"start":{"line":3,"column":32},"end":{"line":3,"column":33}},"loc":{"start":{"line":3,"column":50},"end":{"line":3,"column":256}},"line":3},"1":{"name":"_interopRequireDefault","decl":{"start":{"line":17,"column":9},"end":{"line":17,"column":31}},"loc":{"start":{"line":17,"column":37},"end":{"line":17,"column":95}},"line":17},"2":{"name":"businessFormInputChecker","decl":{"start":{"line":19,"column":40},"end":{"line":19,"column":64}},"loc":{"start":{"line":19,"column":71},"end":{"line":31,"column":1}},"line":19},"3":{"name":"checkUUID","decl":{"start":{"line":41,"column":25},"end":{"line":41,"column":34}},"loc":{"start":{"line":41,"column":41},"end":{"line":43,"column":1}},"line":41},"4":{"name":"invalidFieldsChecker","decl":{"start":{"line":45,"column":36},"end":{"line":45,"column":56}},"loc":{"start":{"line":45,"column":66},"end":{"line":56,"column":1}},"line":45},"5":{"name":"(anonymous_5)","decl":{"start":{"line":46,"column":37},"end":{"line":46,"column":38}},"loc":{"start":{"line":46,"column":52},"end":{"line":55,"column":3}},"line":46},"6":{"name":"emptyFieldsFinder","decl":{"start":{"line":58,"column":33},"end":{"line":58,"column":50}},"loc":{"start":{"line":58,"column":60},"end":{"line":66,"column":1}},"line":58},"7":{"name":"(anonymous_7)","decl":{"start":{"line":60,"column":44},"end":{"line":60,"column":45}},"loc":{"start":{"line":60,"column":63},"end":{"line":62,"column":3}},"line":60},"8":{"name":"(anonymous_8)","decl":{"start":{"line":62,"column":9},"end":{"line":62,"column":10}},"loc":{"start":{"line":62,"column":28},"end":{"line":64,"column":3}},"line":62},"9":{"name":"loginValidator","decl":{"start":{"line":68,"column":30},"end":{"line":68,"column":44}},"loc":{"start":{"line":68,"column":61},"end":{"line":89,"column":1}},"line":68},"10":{"name":"signUpValidator","decl":{"start":{"line":91,"column":31},"end":{"line":91,"column":46}},"loc":{"start":{"line":91,"column":63},"end":{"line":125,"column":1}},"line":91},"11":{"name":"registerBusinessValidator","decl":{"start":{"line":127,"column":41},"end":{"line":127,"column":66}},"loc":{"start":{"line":127,"column":83},"end":{"line":196,"column":1}},"line":127},"12":{"name":"(anonymous_12)","decl":{"start":{"line":152,"column":85},"end":{"line":152,"column":86}},"loc":{"start":{"line":152,"column":106},"end":{"line":158,"column":3}},"line":152},"13":{"name":"(anonymous_13)","decl":{"start":{"line":175,"column":81},"end":{"line":175,"column":82}},"loc":{"start":{"line":175,"column":97},"end":{"line":184,"column":7}},"line":175},"14":{"name":"filledFieldChecker","decl":{"start":{"line":198,"column":34},"end":{"line":198,"column":52}},"loc":{"start":{"line":198,"column":62},"end":{"line":205,"column":1}},"line":198},"15":{"name":"(anonymous_15)","decl":{"start":{"line":199,"column":52},"end":{"line":199,"column":53}},"loc":{"start":{"line":199,"column":71},"end":{"line":201,"column":3}},"line":199},"16":{"name":"(anonymous_16)","decl":{"start":{"line":201,"column":9},"end":{"line":201,"column":10}},"loc":{"start":{"line":201,"column":28},"end":{"line":203,"column":3}},"line":201},"17":{"name":"invalidFieldsCheckerUpdate","decl":{"start":{"line":207,"column":42},"end":{"line":207,"column":68}},"loc":{"start":{"line":207,"column":86},"end":{"line":214,"column":1}},"line":207},"18":{"name":"(anonymous_18)","decl":{"start":{"line":208,"column":32},"end":{"line":208,"column":33}},"loc":{"start":{"line":208,"column":47},"end":{"line":213,"column":3}},"line":208},"19":{"name":"updateBusinessValidator","decl":{"start":{"line":216,"column":39},"end":{"line":216,"column":62}},"loc":{"start":{"line":216,"column":79},"end":{"line":286,"column":1}},"line":216},"20":{"name":"(anonymous_20)","decl":{"start":{"line":221,"column":85},"end":{"line":221,"column":86}},"loc":{"start":{"line":221,"column":106},"end":{"line":227,"column":3}},"line":221},"21":{"name":"(anonymous_21)","decl":{"start":{"line":261,"column":75},"end":{"line":261,"column":76}},"loc":{"start":{"line":261,"column":91},"end":{"line":278,"column":9}},"line":261},"22":{"name":"(anonymous_22)","decl":{"start":{"line":264,"column":60},"end":{"line":264,"column":61}},"loc":{"start":{"line":264,"column":79},"end":{"line":266,"column":13}},"line":264},"23":{"name":"(anonymous_23)","decl":{"start":{"line":267,"column":54},"end":{"line":267,"column":55}},"loc":{"start":{"line":267,"column":74},"end":{"line":270,"column":13}},"line":267},"24":{"name":"businessidValidator","decl":{"start":{"line":288,"column":35},"end":{"line":288,"column":54}},"loc":{"start":{"line":288,"column":71},"end":{"line":303,"column":1}},"line":288},"25":{"name":"removeBusinessValidator","decl":{"start":{"line":305,"column":39},"end":{"line":305,"column":62}},"loc":{"start":{"line":305,"column":79},"end":{"line":327,"column":1}},"line":305},"26":{"name":"(anonymous_26)","decl":{"start":{"line":310,"column":85},"end":{"line":310,"column":86}},"loc":{"start":{"line":310,"column":106},"end":{"line":316,"column":3}},"line":310},"27":{"name":"getAllBusinessesValidator","decl":{"start":{"line":329,"column":41},"end":{"line":329,"column":66}},"loc":{"start":{"line":329,"column":83},"end":{"line":346,"column":1}},"line":329},"28":{"name":"(anonymous_28)","decl":{"start":{"line":331,"column":43},"end":{"line":331,"column":44}},"loc":{"start":{"line":331,"column":58},"end":{"line":333,"column":3}},"line":331},"29":{"name":"(anonymous_29)","decl":{"start":{"line":333,"column":12},"end":{"line":333,"column":13}},"loc":{"start":{"line":333,"column":27},"end":{"line":335,"column":3}},"line":333},"30":{"name":"addReviewValidator","decl":{"start":{"line":348,"column":34},"end":{"line":348,"column":52}},"loc":{"start":{"line":348,"column":69},"end":{"line":403,"column":1}},"line":348},"31":{"name":"(anonymous_31)","decl":{"start":{"line":375,"column":79},"end":{"line":375,"column":80}},"loc":{"start":{"line":375,"column":99},"end":{"line":401,"column":5}},"line":375},"32":{"name":"(anonymous_32)","decl":{"start":{"line":379,"column":77},"end":{"line":379,"column":78}},"loc":{"start":{"line":379,"column":93},"end":{"line":390,"column":11}},"line":379}},"branchMap":{"0":{"loc":{"start":{"line":3,"column":15},"end":{"line":3,"column":256}},"type":"binary-expr","locations":[{"start":{"line":3,"column":15},"end":{"line":3,"column":28}},{"start":{"line":3,"column":32},"end":{"line":3,"column":256}}],"line":3},"1":{"loc":{"start":{"line":3,"column":150},"end":{"line":3,"column":235}},"type":"if","locations":[{"start":{"line":3,"column":150},"end":{"line":3,"column":235}},{"start":{"line":3,"column":150},"end":{"line":3,"column":235}}],"line":3},"2":{"loc":{"start":{"line":17,"column":46},"end":{"line":17,"column":92}},"type":"cond-expr","locations":[{"start":{"line":17,"column":70},"end":{"line":17,"column":73}},{"start":{"line":17,"column":76},"end":{"line":17,"column":92}}],"line":17},"3":{"loc":{"start":{"line":17,"column":46},"end":{"line":17,"column":67}},"type":"binary-expr","locations":[{"start":{"line":17,"column":46},"end":{"line":17,"column":49}},{"start":{"line":17,"column":53},"end":{"line":17,"column":67}}],"line":17},"4":{"loc":{"start":{"line":30,"column":9},"end":{"line":30,"column":499}},"type":"binary-expr","locations":[{"start":{"line":30,"column":9},"end":{"line":30,"column":58}},{"start":{"line":30,"column":62},"end":{"line":30,"column":114}},{"start":{"line":30,"column":118},"end":{"line":30,"column":159}},{"start":{"line":30,"column":163},"end":{"line":30,"column":208}},{"start":{"line":30,"column":212},"end":{"line":30,"column":255}},{"start":{"line":30,"column":259},"end":{"line":30,"column":300}},{"start":{"line":30,"column":304},"end":{"line":30,"column":348}},{"start":{"line":30,"column":352},"end":{"line":30,"column":394}},{"start":{"line":30,"column":398},"end":{"line":30,"column":446}},{"start":{"line":30,"column":450},"end":{"line":30,"column":499}}],"line":30},"5":{"loc":{"start":{"line":47,"column":4},"end":{"line":53,"column":5}},"type":"if","locations":[{"start":{"line":47,"column":4},"end":{"line":53,"column":5}},{"start":{"line":47,"column":4},"end":{"line":53,"column":5}}],"line":47},"6":{"loc":{"start":{"line":48,"column":6},"end":{"line":50,"column":7}},"type":"if","locations":[{"start":{"line":48,"column":6},"end":{"line":50,"column":7}},{"start":{"line":48,"column":6},"end":{"line":50,"column":7}}],"line":48},"7":{"loc":{"start":{"line":75,"column":2},"end":{"line":85,"column":3}},"type":"if","locations":[{"start":{"line":75,"column":2},"end":{"line":85,"column":3}},{"start":{"line":75,"column":2},"end":{"line":85,"column":3}}],"line":75},"8":{"loc":{"start":{"line":75,"column":6},"end":{"line":75,"column":27}},"type":"binary-expr","locations":[{"start":{"line":75,"column":6},"end":{"line":75,"column":13}},{"start":{"line":75,"column":17},"end":{"line":75,"column":27}}],"line":75},"9":{"loc":{"start":{"line":77,"column":9},"end":{"line":85,"column":3}},"type":"if","locations":[{"start":{"line":77,"column":9},"end":{"line":85,"column":3}},{"start":{"line":77,"column":9},"end":{"line":85,"column":3}}],"line":77},"10":{"loc":{"start":{"line":79,"column":9},"end":{"line":85,"column":3}},"type":"if","locations":[{"start":{"line":79,"column":9},"end":{"line":85,"column":3}},{"start":{"line":79,"column":9},"end":{"line":85,"column":3}}],"line":79},"11":{"loc":{"start":{"line":81,"column":9},"end":{"line":85,"column":3}},"type":"if","locations":[{"start":{"line":81,"column":9},"end":{"line":85,"column":3}},{"start":{"line":81,"column":9},"end":{"line":85,"column":3}}],"line":81},"12":{"loc":{"start":{"line":83,"column":9},"end":{"line":85,"column":3}},"type":"if","locations":[{"start":{"line":83,"column":9},"end":{"line":85,"column":3}},{"start":{"line":83,"column":9},"end":{"line":85,"column":3}}],"line":83},"13":{"loc":{"start":{"line":86,"column":2},"end":{"line":88,"column":3}},"type":"if","locations":[{"start":{"line":86,"column":2},"end":{"line":88,"column":3}},{"start":{"line":86,"column":2},"end":{"line":88,"column":3}}],"line":86},"14":{"loc":{"start":{"line":86,"column":6},"end":{"line":86,"column":29}},"type":"binary-expr","locations":[{"start":{"line":86,"column":6},"end":{"line":86,"column":17}},{"start":{"line":86,"column":21},"end":{"line":86,"column":29}}],"line":86},"15":{"loc":{"start":{"line":99,"column":2},"end":{"line":103,"column":3}},"type":"if","locations":[{"start":{"line":99,"column":2},"end":{"line":103,"column":3}},{"start":{"line":99,"column":2},"end":{"line":103,"column":3}}],"line":99},"16":{"loc":{"start":{"line":104,"column":2},"end":{"line":108,"column":3}},"type":"if","locations":[{"start":{"line":104,"column":2},"end":{"line":108,"column":3}},{"start":{"line":104,"column":2},"end":{"line":108,"column":3}}],"line":104},"17":{"loc":{"start":{"line":109,"column":2},"end":{"line":111,"column":3}},"type":"if","locations":[{"start":{"line":109,"column":2},"end":{"line":111,"column":3}},{"start":{"line":109,"column":2},"end":{"line":111,"column":3}}],"line":109},"18":{"loc":{"start":{"line":112,"column":2},"end":{"line":114,"column":3}},"type":"if","locations":[{"start":{"line":112,"column":2},"end":{"line":114,"column":3}},{"start":{"line":112,"column":2},"end":{"line":114,"column":3}}],"line":112},"19":{"loc":{"start":{"line":115,"column":2},"end":{"line":117,"column":3}},"type":"if","locations":[{"start":{"line":115,"column":2},"end":{"line":117,"column":3}},{"start":{"line":115,"column":2},"end":{"line":117,"column":3}}],"line":115},"20":{"loc":{"start":{"line":118,"column":2},"end":{"line":124,"column":3}},"type":"if","locations":[{"start":{"line":118,"column":2},"end":{"line":124,"column":3}},{"start":{"line":118,"column":2},"end":{"line":124,"column":3}}],"line":118},"21":{"loc":{"start":{"line":118,"column":6},"end":{"line":118,"column":254}},"type":"binary-expr","locations":[{"start":{"line":118,"column":6},"end":{"line":118,"column":47}},{"start":{"line":118,"column":51},"end":{"line":118,"column":106}},{"start":{"line":118,"column":110},"end":{"line":118,"column":156}},{"start":{"line":118,"column":160},"end":{"line":118,"column":205}},{"start":{"line":118,"column":209},"end":{"line":118,"column":254}}],"line":118},"22":{"loc":{"start":{"line":153,"column":4},"end":{"line":157,"column":5}},"type":"if","locations":[{"start":{"line":153,"column":4},"end":{"line":157,"column":5}},{"start":{"line":153,"column":4},"end":{"line":157,"column":5}}],"line":153},"23":{"loc":{"start":{"line":155,"column":11},"end":{"line":157,"column":5}},"type":"if","locations":[{"start":{"line":155,"column":11},"end":{"line":157,"column":5}},{"start":{"line":155,"column":11},"end":{"line":157,"column":5}}],"line":155},"24":{"loc":{"start":{"line":159,"column":2},"end":{"line":163,"column":3}},"type":"if","locations":[{"start":{"line":159,"column":2},"end":{"line":163,"column":3}},{"start":{"line":159,"column":2},"end":{"line":163,"column":3}}],"line":159},"25":{"loc":{"start":{"line":166,"column":2},"end":{"line":195,"column":3}},"type":"if","locations":[{"start":{"line":166,"column":2},"end":{"line":195,"column":3}},{"start":{"line":166,"column":2},"end":{"line":195,"column":3}}],"line":166},"26":{"loc":{"start":{"line":171,"column":9},"end":{"line":195,"column":3}},"type":"if","locations":[{"start":{"line":171,"column":9},"end":{"line":195,"column":3}},{"start":{"line":171,"column":9},"end":{"line":195,"column":3}}],"line":171},"27":{"loc":{"start":{"line":174,"column":4},"end":{"line":189,"column":5}},"type":"if","locations":[{"start":{"line":174,"column":4},"end":{"line":189,"column":5}},{"start":{"line":174,"column":4},"end":{"line":189,"column":5}}],"line":174},"28":{"loc":{"start":{"line":177,"column":8},"end":{"line":183,"column":9}},"type":"if","locations":[{"start":{"line":177,"column":8},"end":{"line":183,"column":9}},{"start":{"line":177,"column":8},"end":{"line":183,"column":9}}],"line":177},"29":{"loc":{"start":{"line":209,"column":4},"end":{"line":211,"column":5}},"type":"if","locations":[{"start":{"line":209,"column":4},"end":{"line":211,"column":5}},{"start":{"line":209,"column":4},"end":{"line":211,"column":5}}],"line":209},"30":{"loc":{"start":{"line":222,"column":4},"end":{"line":226,"column":5}},"type":"if","locations":[{"start":{"line":222,"column":4},"end":{"line":226,"column":5}},{"start":{"line":222,"column":4},"end":{"line":226,"column":5}}],"line":222},"31":{"loc":{"start":{"line":224,"column":11},"end":{"line":226,"column":5}},"type":"if","locations":[{"start":{"line":224,"column":11},"end":{"line":226,"column":5}},{"start":{"line":224,"column":11},"end":{"line":226,"column":5}}],"line":224},"32":{"loc":{"start":{"line":228,"column":2},"end":{"line":233,"column":3}},"type":"if","locations":[{"start":{"line":228,"column":2},"end":{"line":233,"column":3}},{"start":{"line":228,"column":2},"end":{"line":233,"column":3}}],"line":228},"33":{"loc":{"start":{"line":234,"column":2},"end":{"line":238,"column":3}},"type":"if","locations":[{"start":{"line":234,"column":2},"end":{"line":238,"column":3}},{"start":{"line":234,"column":2},"end":{"line":238,"column":3}}],"line":234},"34":{"loc":{"start":{"line":240,"column":2},"end":{"line":244,"column":3}},"type":"if","locations":[{"start":{"line":240,"column":2},"end":{"line":244,"column":3}},{"start":{"line":240,"column":2},"end":{"line":244,"column":3}}],"line":240},"35":{"loc":{"start":{"line":246,"column":2},"end":{"line":250,"column":3}},"type":"if","locations":[{"start":{"line":246,"column":2},"end":{"line":250,"column":3}},{"start":{"line":246,"column":2},"end":{"line":250,"column":3}}],"line":246},"36":{"loc":{"start":{"line":251,"column":2},"end":{"line":285,"column":3}},"type":"if","locations":[{"start":{"line":251,"column":2},"end":{"line":285,"column":3}},{"start":{"line":251,"column":2},"end":{"line":285,"column":3}}],"line":251},"37":{"loc":{"start":{"line":253,"column":4},"end":{"line":257,"column":5}},"type":"if","locations":[{"start":{"line":253,"column":4},"end":{"line":257,"column":5}},{"start":{"line":253,"column":4},"end":{"line":257,"column":5}}],"line":253},"38":{"loc":{"start":{"line":258,"column":4},"end":{"line":284,"column":5}},"type":"if","locations":[{"start":{"line":258,"column":4},"end":{"line":284,"column":5}},{"start":{"line":258,"column":4},"end":{"line":284,"column":5}}],"line":258},"39":{"loc":{"start":{"line":260,"column":6},"end":{"line":283,"column":7}},"type":"if","locations":[{"start":{"line":260,"column":6},"end":{"line":283,"column":7}},{"start":{"line":260,"column":6},"end":{"line":283,"column":7}}],"line":260},"40":{"loc":{"start":{"line":263,"column":10},"end":{"line":277,"column":11}},"type":"if","locations":[{"start":{"line":263,"column":10},"end":{"line":277,"column":11}},{"start":{"line":263,"column":10},"end":{"line":277,"column":11}}],"line":263},"41":{"loc":{"start":{"line":292,"column":2},"end":{"line":302,"column":3}},"type":"if","locations":[{"start":{"line":292,"column":2},"end":{"line":302,"column":3}},{"start":{"line":292,"column":2},"end":{"line":302,"column":3}}],"line":292},"42":{"loc":{"start":{"line":296,"column":9},"end":{"line":302,"column":3}},"type":"if","locations":[{"start":{"line":296,"column":9},"end":{"line":302,"column":3}},{"start":{"line":296,"column":9},"end":{"line":302,"column":3}}],"line":296},"43":{"loc":{"start":{"line":311,"column":4},"end":{"line":315,"column":5}},"type":"if","locations":[{"start":{"line":311,"column":4},"end":{"line":315,"column":5}},{"start":{"line":311,"column":4},"end":{"line":315,"column":5}}],"line":311},"44":{"loc":{"start":{"line":313,"column":11},"end":{"line":315,"column":5}},"type":"if","locations":[{"start":{"line":313,"column":11},"end":{"line":315,"column":5}},{"start":{"line":313,"column":11},"end":{"line":315,"column":5}}],"line":313},"45":{"loc":{"start":{"line":317,"column":2},"end":{"line":325,"column":3}},"type":"if","locations":[{"start":{"line":317,"column":2},"end":{"line":325,"column":3}},{"start":{"line":317,"column":2},"end":{"line":325,"column":3}}],"line":317},"46":{"loc":{"start":{"line":321,"column":9},"end":{"line":325,"column":3}},"type":"if","locations":[{"start":{"line":321,"column":9},"end":{"line":325,"column":3}},{"start":{"line":321,"column":9},"end":{"line":325,"column":3}}],"line":321},"47":{"loc":{"start":{"line":336,"column":2},"end":{"line":345,"column":3}},"type":"if","locations":[{"start":{"line":336,"column":2},"end":{"line":345,"column":3}},{"start":{"line":336,"column":2},"end":{"line":345,"column":3}}],"line":336},"48":{"loc":{"start":{"line":339,"column":9},"end":{"line":345,"column":3}},"type":"if","locations":[{"start":{"line":339,"column":9},"end":{"line":345,"column":3}},{"start":{"line":339,"column":9},"end":{"line":345,"column":3}}],"line":339},"49":{"loc":{"start":{"line":362,"column":2},"end":{"line":402,"column":3}},"type":"if","locations":[{"start":{"line":362,"column":2},"end":{"line":402,"column":3}},{"start":{"line":362,"column":2},"end":{"line":402,"column":3}}],"line":362},"50":{"loc":{"start":{"line":366,"column":9},"end":{"line":402,"column":3}},"type":"if","locations":[{"start":{"line":366,"column":9},"end":{"line":402,"column":3}},{"start":{"line":366,"column":9},"end":{"line":402,"column":3}}],"line":366},"51":{"loc":{"start":{"line":370,"column":9},"end":{"line":402,"column":3}},"type":"if","locations":[{"start":{"line":370,"column":9},"end":{"line":402,"column":3}},{"start":{"line":370,"column":9},"end":{"line":402,"column":3}}],"line":370},"52":{"loc":{"start":{"line":374,"column":9},"end":{"line":402,"column":3}},"type":"if","locations":[{"start":{"line":374,"column":9},"end":{"line":402,"column":3}},{"start":{"line":374,"column":9},"end":{"line":402,"column":3}}],"line":374},"53":{"loc":{"start":{"line":374,"column":13},"end":{"line":374,"column":187}},"type":"binary-expr","locations":[{"start":{"line":374,"column":13},"end":{"line":374,"column":90}},{"start":{"line":374,"column":94},"end":{"line":374,"column":151}},{"start":{"line":374,"column":155},"end":{"line":374,"column":167}},{"start":{"line":374,"column":171},"end":{"line":374,"column":187}}],"line":374},"54":{"loc":{"start":{"line":377,"column":6},"end":{"line":400,"column":7}},"type":"if","locations":[{"start":{"line":377,"column":6},"end":{"line":400,"column":7}},{"start":{"line":377,"column":6},"end":{"line":400,"column":7}}],"line":377},"55":{"loc":{"start":{"line":378,"column":8},"end":{"line":395,"column":9}},"type":"if","locations":[{"start":{"line":378,"column":8},"end":{"line":395,"column":9}},{"start":{"line":378,"column":8},"end":{"line":395,"column":9}}],"line":378},"56":{"loc":{"start":{"line":381,"column":12},"end":{"line":389,"column":13}},"type":"if","locations":[{"start":{"line":381,"column":12},"end":{"line":389,"column":13}},{"start":{"line":381,"column":12},"end":{"line":389,"column":13}}],"line":381}},"s":{"0":1,"1":0,"2":0,"3":0,"4":0,"5":0,"6":0,"7":1,"8":1,"9":1,"10":1,"11":1,"12":1,"13":3,"14":1,"15":0,"16":0,"17":0,"18":0,"19":0,"20":0,"21":0,"22":0,"23":0,"24":0,"25":0,"26":1,"27":1,"28":0,"29":1,"30":0,"31":0,"32":0,"33":0,"34":0,"35":0,"36":1,"37":0,"38":0,"39":0,"40":0,"41":0,"42":1,"43":0,"44":0,"45":0,"46":0,"47":0,"48":0,"49":0,"50":0,"51":0,"52":0,"53":0,"54":0,"55":0,"56":0,"57":0,"58":0,"59":0,"60":1,"61":0,"62":0,"63":0,"64":0,"65":0,"66":0,"67":0,"68":0,"69":0,"70":0,"71":0,"72":0,"73":0,"74":0,"75":0,"76":0,"77":0,"78":0,"79":0,"80":1,"81":0,"82":0,"83":0,"84":0,"85":0,"86":0,"87":0,"88":0,"89":0,"90":0,"91":0,"92":0,"93":0,"94":0,"95":0,"96":0,"97":0,"98":0,"99":0,"100":0,"101":0,"102":0,"103":0,"104":0,"105":0,"106":0,"107":0,"108":0,"109":0,"110":0,"111":0,"112":0,"113":0,"114":0,"115":1,"116":0,"117":0,"118":0,"119":0,"120":1,"121":0,"122":0,"123":0,"124":0,"125":1,"126":0,"127":0,"128":0,"129":0,"130":0,"131":0,"132":0,"133":0,"134":0,"135":0,"136":0,"137":0,"138":0,"139":0,"140":0,"141":0,"142":0,"143":0,"144":0,"145":0,"146":0,"147":0,"148":0,"149":0,"150":0,"151":0,"152":0,"153":0,"154":0,"155":0,"156":0,"157":0,"158":0,"159":0,"160":0,"161":0,"162":1,"163":0,"164":0,"165":0,"166":0,"167":0,"168":0,"169":0,"170":1,"171":0,"172":0,"173":0,"174":0,"175":0,"176":0,"177":0,"178":0,"179":0,"180":0,"181":0,"182":0,"183":0,"184":1,"185":0,"186":0,"187":0,"188":0,"189":0,"190":0,"191":0,"192":0,"193":0,"194":0,"195":0,"196":0,"197":1,"198":0,"199":0,"200":0,"201":0,"202":0,"203":0,"204":0,"205":0,"206":0,"207":0,"208":0,"209":0,"210":0,"211":0,"212":0,"213":0,"214":0,"215":0,"216":0,"217":0,"218":0,"219":0,"220":0,"221":0,"222":0,"223":0,"224":0,"225":0,"226":0,"227":1},"f":{"0":0,"1":3,"2":0,"3":0,"4":0,"5":0,"6":0,"7":0,"8":0,"9":0,"10":0,"11":0,"12":0,"13":0,"14":0,"15":0,"16":0,"17":0,"18":0,"19":0,"20":0,"21":0,"22":0,"23":0,"24":0,"25":0,"26":0,"27":0,"28":0,"29":0,"30":0,"31":0,"32":0},"b":{"0":[1,0],"1":[0,0],"2":[0,3],"3":[3,3],"4":[0,0,0,0,0,0,0,0,0,0],"5":[0,0],"6":[0,0],"7":[0,0],"8":[0,0],"9":[0,0],"10":[0,0],"11":[0,0],"12":[0,0],"13":[0,0],"14":[0,0],"15":[0,0],"16":[0,0],"17":[0,0],"18":[0,0],"19":[0,0],"20":[0,0],"21":[0,0,0,0,0],"22":[0,0],"23":[0,0],"24":[0,0],"25":[0,0],"26":[0,0],"27":[0,0],"28":[0,0],"29":[0,0],"30":[0,0],"31":[0,0],"32":[0,0],"33":[0,0],"34":[0,0],"35":[0,0],"36":[0,0],"37":[0,0],"38":[0,0],"39":[0,0],"40":[0,0],"41":[0,0],"42":[0,0],"43":[0,0],"44":[0,0],"45":[0,0],"46":[0,0],"47":[0,0],"48":[0,0],"49":[0,0],"50":[0,0],"51":[0,0],"52":[0,0],"53":[0,0,0,0],"54":[0,0],"55":[0,0],"56":[0,0]},"_coverageSchema":"332fd63041d2c1bcb487cc26dd0d5f7d97098a6c","hash":"5eb74b498a634a5a7517345bb89df36497cf2f39","contentHash":"06385175beaf95e6408659971aa485fc_11.6.0"},"/Users/Damola/Desktop/WeConnect/WEConnect/server/router/business/business.js":{"path":"/Users/Damola/Desktop/WeConnect/WEConnect/server/router/business/business.js","statementMap":{"0":{"start":{"line":3,"column":0},"end":{"line":5,"column":3}},"1":{"start":{"line":7,"column":15},"end":{"line":7,"column":33}},"2":{"start":{"line":9,"column":16},"end":{"line":9,"column":48}},"3":{"start":{"line":11,"column":18},"end":{"line":11,"column":57}},"4":{"start":{"line":13,"column":19},"end":{"line":13,"column":54}},"5":{"start":{"line":15,"column":18},"end":{"line":15,"column":57}},"6":{"start":{"line":17,"column":19},"end":{"line":17,"column":54}},"7":{"start":{"line":19,"column":19},"end":{"line":19,"column":59}},"8":{"start":{"line":21,"column":20},"end":{"line":21,"column":56}},"9":{"start":{"line":23,"column":39},"end":{"line":23,"column":93}},"10":{"start":{"line":28,"column":21},"end":{"line":28,"column":47}},"11":{"start":{"line":35,"column":0},"end":{"line":35,"column":135}},"12":{"start":{"line":39,"column":0},"end":{"line":39,"column":141}},"13":{"start":{"line":43,"column":0},"end":{"line":43,"column":140}},"14":{"start":{"line":47,"column":0},"end":{"line":47,"column":111}},"15":{"start":{"line":51,"column":0},"end":{"line":51,"column":111}},"16":{"start":{"line":52,"column":0},"end":{"line":52,"column":33}}},"fnMap":{"0":{"name":"_interopRequireDefault","decl":{"start":{"line":23,"column":9},"end":{"line":23,"column":31}},"loc":{"start":{"line":23,"column":37},"end":{"line":23,"column":95}},"line":23}},"branchMap":{"0":{"loc":{"start":{"line":23,"column":46},"end":{"line":23,"column":92}},"type":"cond-expr","locations":[{"start":{"line":23,"column":70},"end":{"line":23,"column":73}},{"start":{"line":23,"column":76},"end":{"line":23,"column":92}}],"line":23},"1":{"loc":{"start":{"line":23,"column":46},"end":{"line":23,"column":67}},"type":"binary-expr","locations":[{"start":{"line":23,"column":46},"end":{"line":23,"column":49}},{"start":{"line":23,"column":53},"end":{"line":23,"column":67}}],"line":23}},"s":{"0":1,"1":1,"2":1,"3":1,"4":1,"5":1,"6":1,"7":1,"8":1,"9":4,"10":1,"11":1,"12":1,"13":1,"14":1,"15":1,"16":1},"f":{"0":4},"b":{"0":[2,2],"1":[4,4]},"_coverageSchema":"332fd63041d2c1bcb487cc26dd0d5f7d97098a6c","hash":"336e02b8ea2ad5e17836b0930c93dd41ec159620","contentHash":"406a0cc53aeb957822071ea5f90d6e08_11.6.0"},"/Users/Damola/Desktop/WeConnect/WEConnect/server/controllers/businesses.js":{"path":"/Users/Damola/Desktop/WeConnect/WEConnect/server/controllers/businesses.js","statementMap":{"0":{"start":{"line":3,"column":0},"end":{"line":5,"column":3}},"1":{"start":{"line":7,"column":21},"end":{"line":7,"column":663}},"2":{"start":{"line":7,"column":79},"end":{"line":7,"column":81}},"3":{"start":{"line":7,"column":92},"end":{"line":7,"column":96}},"4":{"start":{"line":7,"column":107},"end":{"line":7,"column":112}},"5":{"start":{"line":7,"column":123},"end":{"line":7,"column":132}},"6":{"start":{"line":7,"column":134},"end":{"line":7,"column":413}},"7":{"start":{"line":7,"column":140},"end":{"line":7,"column":283}},"8":{"start":{"line":7,"column":226},"end":{"line":7,"column":246}},"9":{"start":{"line":7,"column":247},"end":{"line":7,"column":281}},"10":{"start":{"line":7,"column":275},"end":{"line":7,"column":281}},"11":{"start":{"line":7,"column":300},"end":{"line":7,"column":310}},"12":{"start":{"line":7,"column":311},"end":{"line":7,"column":320}},"13":{"start":{"line":7,"column":333},"end":{"line":7,"column":411}},"14":{"start":{"line":7,"column":339},"end":{"line":7,"column":379}},"15":{"start":{"line":7,"column":364},"end":{"line":7,"column":379}},"16":{"start":{"line":7,"column":392},"end":{"line":7,"column":409}},"17":{"start":{"line":7,"column":400},"end":{"line":7,"column":409}},"18":{"start":{"line":7,"column":414},"end":{"line":7,"column":426}},"19":{"start":{"line":7,"column":429},"end":{"line":7,"column":659}},"20":{"start":{"line":7,"column":456},"end":{"line":7,"column":656}},"21":{"start":{"line":7,"column":482},"end":{"line":7,"column":493}},"22":{"start":{"line":7,"column":501},"end":{"line":7,"column":656}},"23":{"start":{"line":7,"column":539},"end":{"line":7,"column":568}},"24":{"start":{"line":7,"column":578},"end":{"line":7,"column":654}},"25":{"start":{"line":9,"column":15},"end":{"line":9,"column":256}},"26":{"start":{"line":9,"column":52},"end":{"line":9,"column":239}},"27":{"start":{"line":9,"column":110},"end":{"line":9,"column":122}},"28":{"start":{"line":9,"column":124},"end":{"line":9,"column":237}},"29":{"start":{"line":9,"column":150},"end":{"line":9,"column":235}},"30":{"start":{"line":9,"column":207},"end":{"line":9,"column":233}},"31":{"start":{"line":9,"column":240},"end":{"line":9,"column":254}},"32":{"start":{"line":11,"column":19},"end":{"line":11,"column":563}},"33":{"start":{"line":11,"column":76},"end":{"line":11,"column":347}},"34":{"start":{"line":11,"column":134},"end":{"line":11,"column":142}},"35":{"start":{"line":11,"column":144},"end":{"line":11,"column":199}},"36":{"start":{"line":11,"column":200},"end":{"line":11,"column":231}},"37":{"start":{"line":11,"column":232},"end":{"line":11,"column":286}},"38":{"start":{"line":11,"column":259},"end":{"line":11,"column":286}},"39":{"start":{"line":11,"column":287},"end":{"line":11,"column":345}},"40":{"start":{"line":11,"column":350},"end":{"line":11,"column":559}},"41":{"start":{"line":11,"column":407},"end":{"line":11,"column":475}},"42":{"start":{"line":11,"column":423},"end":{"line":11,"column":475}},"43":{"start":{"line":11,"column":476},"end":{"line":11,"column":536}},"44":{"start":{"line":11,"column":493},"end":{"line":11,"column":536}},"45":{"start":{"line":11,"column":537},"end":{"line":11,"column":556}},"46":{"start":{"line":13,"column":17},"end":{"line":13,"column":37}},"47":{"start":{"line":15,"column":18},"end":{"line":15,"column":52}},"48":{"start":{"line":17,"column":14},"end":{"line":17,"column":34}},"49":{"start":{"line":19,"column":15},"end":{"line":19,"column":46}},"50":{"start":{"line":21,"column":39},"end":{"line":21,"column":93}},"51":{"start":{"line":23,"column":44},"end":{"line":23,"column":195}},"52":{"start":{"line":23,"column":62},"end":{"line":23,"column":166}},"53":{"start":{"line":23,"column":176},"end":{"line":23,"column":193}},"54":{"start":{"line":23,"column":196},"end":{"line":23,"column":207}},"55":{"start":{"line":25,"column":50},"end":{"line":25,"column":151}},"56":{"start":{"line":25,"column":92},"end":{"line":25,"column":149}},"57":{"start":{"line":30,"column":17},"end":{"line":289,"column":3}},"58":{"start":{"line":32,"column":4},"end":{"line":32,"column":38}},"59":{"start":{"line":35,"column":2},"end":{"line":286,"column":6}},"60":{"start":{"line":47,"column":22},"end":{"line":47,"column":30}},"61":{"start":{"line":48,"column":25},"end":{"line":48,"column":47}},"62":{"start":{"line":49,"column":28},"end":{"line":49,"column":53}},"63":{"start":{"line":50,"column":18},"end":{"line":50,"column":33}},"64":{"start":{"line":51,"column":28},"end":{"line":51,"column":53}},"65":{"start":{"line":52,"column":21},"end":{"line":52,"column":39}},"66":{"start":{"line":53,"column":24},"end":{"line":53,"column":45}},"67":{"start":{"line":54,"column":19},"end":{"line":54,"column":35}},"68":{"start":{"line":55,"column":17},"end":{"line":55,"column":31}},"69":{"start":{"line":56,"column":20},"end":{"line":56,"column":37}},"70":{"start":{"line":57,"column":18},"end":{"line":57,"column":33}},"71":{"start":{"line":58,"column":19},"end":{"line":58,"column":35}},"72":{"start":{"line":60,"column":6},"end":{"line":89,"column":9}},"73":{"start":{"line":61,"column":26},"end":{"line":61,"column":36}},"74":{"start":{"line":62,"column":8},"end":{"line":66,"column":9}},"75":{"start":{"line":63,"column":10},"end":{"line":65,"column":13}},"76":{"start":{"line":67,"column":8},"end":{"line":88,"column":11}},"77":{"start":{"line":80,"column":10},"end":{"line":83,"column":13}},"78":{"start":{"line":85,"column":10},"end":{"line":87,"column":13}},"79":{"start":{"line":103,"column":23},"end":{"line":103,"column":44}},"80":{"start":{"line":105,"column":6},"end":{"line":126,"column":9}},"81":{"start":{"line":106,"column":20},"end":{"line":106,"column":43}},"82":{"start":{"line":107,"column":25},"end":{"line":107,"column":33}},"83":{"start":{"line":108,"column":21},"end":{"line":108,"column":48}},"84":{"start":{"line":109,"column":30},"end":{"line":109,"column":39}},"85":{"start":{"line":111,"column":28},"end":{"line":111,"column":39}},"86":{"start":{"line":112,"column":8},"end":{"line":116,"column":9}},"87":{"start":{"line":113,"column":10},"end":{"line":115,"column":13}},"88":{"start":{"line":117,"column":8},"end":{"line":121,"column":11}},"89":{"start":{"line":123,"column":8},"end":{"line":125,"column":11}},"90":{"start":{"line":139,"column":23},"end":{"line":139,"column":44}},"91":{"start":{"line":141,"column":6},"end":{"line":156,"column":9}},"92":{"start":{"line":144,"column":28},"end":{"line":144,"column":37}},"93":{"start":{"line":145,"column":8},"end":{"line":149,"column":9}},"94":{"start":{"line":146,"column":10},"end":{"line":148,"column":13}},"95":{"start":{"line":150,"column":8},"end":{"line":150,"column":27}},"96":{"start":{"line":151,"column":8},"end":{"line":151,"column":38}},"97":{"start":{"line":153,"column":8},"end":{"line":155,"column":11}},"98":{"start":{"line":170,"column":23},"end":{"line":170,"column":44}},"99":{"start":{"line":172,"column":6},"end":{"line":190,"column":9}},"100":{"start":{"line":175,"column":28},"end":{"line":175,"column":37}},"101":{"start":{"line":176,"column":8},"end":{"line":185,"column":9}},"102":{"start":{"line":177,"column":10},"end":{"line":179,"column":13}},"103":{"start":{"line":180,"column":15},"end":{"line":185,"column":9}},"104":{"start":{"line":181,"column":10},"end":{"line":184,"column":13}},"105":{"start":{"line":187,"column":8},"end":{"line":189,"column":11}},"106":{"start":{"line":204,"column":23},"end":{"line":204,"column":32}},"107":{"start":{"line":205,"column":21},"end":{"line":205,"column":40}},"108":{"start":{"line":206,"column":21},"end":{"line":206,"column":40}},"109":{"start":{"line":207,"column":19},"end":{"line":207,"column":34}},"110":{"start":{"line":210,"column":6},"end":{"line":284,"column":7}},"111":{"start":{"line":213,"column":12},"end":{"line":230,"column":15}},"112":{"start":{"line":218,"column":36},"end":{"line":218,"column":47}},"113":{"start":{"line":219,"column":14},"end":{"line":223,"column":15}},"114":{"start":{"line":220,"column":16},"end":{"line":222,"column":19}},"115":{"start":{"line":224,"column":35},"end":{"line":224,"column":86}},"116":{"start":{"line":226,"column":14},"end":{"line":229,"column":17}},"117":{"start":{"line":234,"column":12},"end":{"line":248,"column":15}},"118":{"start":{"line":237,"column":36},"end":{"line":237,"column":47}},"119":{"start":{"line":238,"column":14},"end":{"line":242,"column":15}},"120":{"start":{"line":239,"column":16},"end":{"line":241,"column":19}},"121":{"start":{"line":243,"column":35},"end":{"line":243,"column":86}},"122":{"start":{"line":244,"column":14},"end":{"line":247,"column":17}},"123":{"start":{"line":252,"column":12},"end":{"line":266,"column":15}},"124":{"start":{"line":255,"column":34},"end":{"line":255,"column":45}},"125":{"start":{"line":256,"column":14},"end":{"line":260,"column":15}},"126":{"start":{"line":257,"column":16},"end":{"line":259,"column":19}},"127":{"start":{"line":261,"column":35},"end":{"line":261,"column":86}},"128":{"start":{"line":262,"column":14},"end":{"line":265
[...]
rt":{"line":23,"column":44},"end":{"line":23,"column":195}},"type":"if","locations":[{"start":{"line":23,"column":44},"end":{"line":23,"column":195}},{"start":{"line":23,"column":44},"end":{"line":23,"column":195}}],"line":23},"16":{"loc":{"start":{"line":25,"column":50},"end":{"line":25,"column":151}},"type":"if","locations":[{"start":{"line":25,"column":50},"end":{"line":25,"column":151}},{"start":{"line":25,"column":50},"end":{"line":25,"column":151}}],"line":25},"17":{"loc":{"start":{"line":62,"column":8},"end":{"line":66,"column":9}},"type":"if","locations":[{"start":{"line":62,"column":8},"end":{"line":66,"column":9}},{"start":{"line":62,"column":8},"end":{"line":66,"column":9}}],"line":62},"18":{"loc":{"start":{"line":112,"column":8},"end":{"line":116,"column":9}},"type":"if","locations":[{"start":{"line":112,"column":8},"end":{"line":116,"column":9}},{"start":{"line":112,"column":8},"end":{"line":116,"column":9}}],"line":112},"19":{"loc":{"start":{"line":145,"column":8},"end":{"line":149,"column":9}},"type":"if","locations":[{"start":{"line":145,"column":8},"end":{"line":149,"column":9}},{"start":{"line":145,"column":8},"end":{"line":149,"column":9}}],"line":145},"20":{"loc":{"start":{"line":176,"column":8},"end":{"line":185,"column":9}},"type":"if","locations":[{"start":{"line":176,"column":8},"end":{"line":185,"column":9}},{"start":{"line":176,"column":8},"end":{"line":185,"column":9}}],"line":176},"21":{"loc":{"start":{"line":180,"column":15},"end":{"line":185,"column":9}},"type":"if","locations":[{"start":{"line":180,"column":15},"end":{"line":185,"column":9}},{"start":{"line":180,"column":15},"end":{"line":185,"column":9}}],"line":180},"22":{"loc":{"start":{"line":210,"column":6},"end":{"line":284,"column":7}},"type":"switch","locations":[{"start":{"line":211,"column":8},"end":{"line":231,"column":11}},{"start":{"line":232,"column":8},"end":{"line":249,"column":11}},{"start":{"line":250,"column":8},"end":{"line":267,"column":11}},{"start":{"line":268,"column":8},"end":{"line":283,"column":11}}],"line":210},"23":{"loc":{"start":{"line":219,"column":14},"end":{"line":223,"column":15}},"type":"if","locations":[{"start":{"line":219,"column":14},"end":{"line":223,"column":15}},{"start":{"line":219,"column":14},"end":{"line":223,"column":15}}],"line":219},"24":{"loc":{"start":{"line":224,"column":35},"end":{"line":224,"column":86}},"type":"cond-expr","locations":[{"start":{"line":224,"column":61},"end":{"line":224,"column":71}},{"start":{"line":224,"column":74},"end":{"line":224,"column":86}}],"line":224},"25":{"loc":{"start":{"line":238,"column":14},"end":{"line":242,"column":15}},"type":"if","locations":[{"start":{"line":238,"column":14},"end":{"line":242,"column":15}},{"start":{"line":238,"column":14},"end":{"line":242,"column":15}}],"line":238},"26":{"loc":{"start":{"line":243,"column":35},"end":{"line":243,"column":86}},"type":"cond-expr","locations":[{"start":{"line":243,"column":61},"end":{"line":243,"column":71}},{"start":{"line":243,"column":74},"end":{"line":243,"column":86}}],"line":243},"27":{"loc":{"start":{"line":256,"column":14},"end":{"line":260,"column":15}},"type":"if","locations":[{"start":{"line":256,"column":14},"end":{"line":260,"column":15}},{"start":{"line":256,"column":14},"end":{"line":260,"column":15}}],"line":256},"28":{"loc":{"start":{"line":261,"column":35},"end":{"line":261,"column":86}},"type":"cond-expr","locations":[{"start":{"line":261,"column":61},"end":{"line":261,"column":71}},{"start":{"line":261,"column":74},"end":{"line":261,"column":86}}],"line":261},"29":{"loc":{"start":{"line":272,"column":14},"end":{"line":276,"column":15}},"type":"if","locations":[{"start":{"line":272,"column":14},"end":{"line":276,"column":15}},{"start":{"line":272,"column":14},"end":{"line":276,"column":15}}],"line":272},"30":{"loc":{"start":{"line":277,"column":35},"end":{"line":277,"column":86}},"type":"cond-expr","locations":[{"start":{"line":277,"column":61},"end":{"line":277,"column":71}},{"start":{"line":277,"column":74},"end":{"line":277,"column":86}}],"line":277}},"s":{"0":1,"1":1,"2":0,"3":0,"4":0,"5":0,"6":0,"7":0,"8":0,"9":0,"10":0,"11":0,"12":0,"13":0,"14":0,"15":0,"16":0,"17":0,"18":0,"19":1,"20":0,"21":0,"22":0,"23":0,"24":0,"25":1,"26":0,"27":0,"28":0,"29":0,"30":0,"31":0,"32":1,"33":1,"34":5,"35":5,"36":5,"37":5,"38":5,"39":5,"40":1,"41":1,"42":0,"43":1,"44":1,"45":1,"46":1,"47":1,"48":1,"49":1,"50":2,"51":0,"52":0,"53":0,"54":0,"55":0,"56":0,"57":1,"58":0,"59":1,"60":0,"61":0,"62":0,"63":0,"64":0,"65":0,"66":0,"67":0,"68":0,"69":0,"70":0,"71":0,"72":0,"73":0,"74":0,"75":0,"76":0,"77":0,"78":0,"79":0,"80":0,"81":0,"82":0,"83":0,"84":0,"85":0,"86":0,"87":0,"88":0,"89":0,"90":0,"91":0,"92":0,"93":0,"94":0,"95":0,"96":0,"97":0,"98":0,"99":0,"100":0,"101":0,"102":0,"103":0,"104":0,"105":0,"106":0,"107":0,"108":0,"109":0,"110":0,"111":0,"112":0,"113":0,"114":0,"115":0,"116":0,"117":0,"118":0,"119":0,"120":0,"121":0,"122":0,"123":0,"124":0,"125":0,"126":0,"127":0,"128":0,"129":0,"130":0,"131":0,"132":0,"133":0,"134":0,"135":1,"136":1},"f":{"0":1,"1":0,"2":0,"3":0,"4":1,"5":1,"6":1,"7":2,"8":0,"9":0,"10":1,"11":0,"12":0,"13":0,"14":0,"15":0,"16":0,"17":0,"18":0,"19":0,"20":0,"21":0,"22":0,"23":0,"24":0,"25":0,"26":0,"27":0,"28":0,"29":0},"b":{"0":[0,0],"1":[0,0],"2":[0,0],"3":[0,0],"4":[0,0],"5":[0,0],"6":[0,0],"7":[1,0],"8":[0,0],"9":[5,5],"10":[5,0],"11":[0,1],"12":[1,0],"13":[0,2],"14":[2,2],"15":[0,0],"16":[0,0],"17":[0,0],"18":[0,0],"19":[0,0],"20":[0,0],"21":[0,0],"22":[0,0,0,0],"23":[0,0],"24":[0,0],"25":[0,0],"26":[0,0],"27":[0,0],"28":[0,0],"29":[0,0],"30":[0,0]},"_coverageSchema":"332fd63041d2c1bcb487cc26dd0d5f7d97098a6c","hash":"25fe4db2ae708ddcaf49eeca2113a4f099ecdac0","contentHash":"71562108ced873fd9604cb7eddc247b0_11.6.0"},"/Users/Damola/Desktop/WeConnect/WEConnect/server/middlewares/verifyToken.js":{"path":"/Users/Damola/Desktop/WeConnect/WEConnect/server/middlewares/verifyToken.js","statementMap":{"0":{"start":{"line":3,"column":0},"end":{"line":5,"column":3}},"1":{"start":{"line":6,"column":18},"end":{"line":18,"column":1}},"2":{"start":{"line":7,"column":21},"end":{"line":7,"column":46}},"3":{"start":{"line":8,"column":24},"end":{"line":8,"column":38}},"4":{"start":{"line":9,"column":2},"end":{"line":17,"column":3}},"5":{"start":{"line":10,"column":22},"end":{"line":10,"column":48}},"6":{"start":{"line":11,"column":4},"end":{"line":11,"column":28}},"7":{"start":{"line":12,"column":4},"end":{"line":12,"column":11}},"8":{"start":{"line":14,"column":4},"end":{"line":16,"column":7}},"9":{"start":{"line":19,"column":0},"end":{"line":19,"column":30}}},"fnMap":{"0":{"name":"verifyToken","decl":{"start":{"line":6,"column":27},"end":{"line":6,"column":38}},"loc":{"start":{"line":6,"column":55},"end":{"line":18,"column":1}},"line":6}},"branchMap":{"0":{"loc":{"start":{"line":9,"column":2},"end":{"line":17,"column":3}},"type":"if","locations":[{"start":{"line":9,"column":2},"end":{"line":17,"column":3}},{"start":{"line":9,"column":2},"end":{"line":17,"column":3}}],"line":9}},"s":{"0":1,"1":1,"2":0,"3":0,"4":0,"5":0,"6":0,"7":0,"8":0,"9":1},"f":{"0":0},"b":{"0":[0,0]},"_coverageSchema":"332fd63041d2c1bcb487cc26dd0d5f7d97098a6c","hash":"a269ea1c30e127d9a83b35f576ea124425102d87","contentHash":"3190581866395c1a39606549d737f1c0_11.6.0"},"/Users/Damola/Desktop/WeConnect/WEConnect/server/router/review/review.js":{"path":"/Users/Damola/Desktop/WeConnect/WEConnect/server/router/review/review.js","statementMap":{"0":{"start":{"line":3,"column":0},"end":{"line":5,"column":3}},"1":{"start":{"line":7,"column":15},"end":{"line":7,"column":33}},"2":{"start":{"line":9,"column":16},"end":{"line":9,"column":48}},"3":{"start":{"line":11,"column":15},"end":{"line":11,"column":51}},"4":{"start":{"line":13,"column":16},"end":{"line":13,"column":48}},"5":{"start":{"line":15,"column":18},"end":{"line":15,"column":57}},"6":{"start":{"line":17,"column":19},"end":{"line":17,"column":54}},"7":{"start":{"line":19,"column":39},"end":{"line":19,"column":93}},"8":{"start":{"line":25,"column":19},"end":{"line":25,"column":66}},"9":{"start":{"line":30,"column":0},"end":{"line":30,"column":93}},"10":{"start":{"line":34,"column":0},"end":{"line":34,"column":97}},"11":{"start":{"line":36,"column":0},"end":{"line":36,"column":31}}},"fnMap":{"0":{"name":"_interopRequireDefault","decl":{"start":{"line":19,"column":9},"end":{"line":19,"column":31}},"loc":{"start":{"line":19,"column":37},"end":{"line":19,"column":95}},"line":19}},"branchMap":{"0":{"loc":{"start":{"line":19,"column":46},"end":{"line":19,"column":92}},"type":"cond-expr","locations":[{"start":{"line":19,"column":70},"end":{"line":19,"column":73}},{"start":{"line":19,"column":76},"end":{"line":19,"column":92}}],"line":19},"1":{"loc":{"start":{"line":19,"column":46},"end":{"line":19,"column":67}},"type":"binary-expr","locations":[{"start":{"line":19,"column":46},"end":{"line":19,"column":49}},{"start":{"line":19,"column":53},"end":{"line":19,"column":67}}],"line":19}},"s":{"0":1,"1":1,"2":1,"3":1,"4":1,"5":1,"6":1,"7":3,"8":1,"9":1,"10":1,"11":1},"f":{"0":3},"b":{"0":[1,2],"1":[3,3]},"_coverageSchema":"332fd63041d2c1bcb487cc26dd0d5f7d97098a6c","hash":"0b36de2fb5fea725f0d951c081781d242d8e9261","contentHash":"d23a6cd38f1c0d439d63a6698330ab8e_11.6.0"},"/Users/Damola/Desktop/WeConnect/WEConnect/server/controllers/reviews.js":{"path":"/Users/Damola/Desktop/WeConnect/WEConnect/server/controllers/reviews.js","statementMap":{"0":{"start":{"line":3,"column":0},"end":{"line":5,"column":3}},"1":{"start":{"line":7,"column":19},"end":{"line":7,"column":563}},"2":{"start":{"line":7,"column":76},"end":{"line":7,"column":347}},"3":{"start":{"line":7,"column":134},"end":{"line":7,"column":142}},"4":{"start":{"line":7,"column":144},"end":{"line":7,"column":199}},"5":{"start":{"line":7,"column":200},"end":{"line":7,"column":231}},"6":{"start":{"line":7,"column":232},"end":{"line":7,"column":286}},"7":{"start":{"line":7,"column":259},"end":{"line":7,"column":286}},"8":{"start":{"line":7,"column":287},"end":{"line":7,"column":345}},"9":{"start":{"line":7,"column":350},"end":{"line":7,"column":559}},"10":{"start":{"line":7,"column":407},"end":{"line":7,"column":475}},"11":{"start":{"line":7,"column":423},"end":{"line":7,"column":475}},"12":{"start":{"line":7,"column":476},"end":{"line":7,"column":536}},"13":{"start":{"line":7,"column":493},"end":{"line":7,"column":536}},"14":{"start":{"line":7,"column":537},"end":{"line":7,"column":556}},"15":{"start":{"line":9,"column":14},"end":{"line":9,"column":34}},"16":{"start":{"line":11,"column":15},"end":{"line":11,"column":46}},"17":{"start":{"line":13,"column":39},"end":{"line":13,"column":93}},"18":{"start":{"line":15,"column":50},"end":{"line":15,"column":151}},"19":{"start":{"line":15,"column":92},"end":{"line":15,"column":149}},"20":{"start":{"line":20,"column":14},"end":{"line":104,"column":3}},"21":{"start":{"line":22,"column":4},"end":{"line":22,"column":35}},"22":{"start":{"line":25,"column":2},"end":{"line":101,"column":6}},"23":{"start":{"line":39,"column":22},"end":{"line":39,"column":30}},"24":{"start":{"line":40,"column":19},"end":{"line":40,"column":35}},"25":{"start":{"line":41,"column":19},"end":{"line":41,"column":35}},"26":{"start":{"line":42,"column":24},"end":{"line":42,"column":45}},"27":{"start":{"line":43,"column":22},"end":{"line":43,"column":41}},"28":{"start":{"line":44,"column":21},"end":{"line":44,"column":39}},"29":{"start":{"line":45,"column":23},"end":{"line":45,"column":44}},"30":{"start":{"line":47,"column":6},"end":{"line":63,"column":9}},"31":{"start":{"line":55,"column":8},"end":{"line":58,"column":11}},"32":{"start":{"line":60,"column":8},"end":{"line":62,"column":11}},"33":{"start":{"line":77,"column":23},"end":{"line":77,"column":44}},"34":{"start":{"line":79,"column":6},"end":{"line":99,"column":9}},"35":{"start":{"line":84,"column":25},"end":{"line":84,"column":34}},"36":{"start":{"line":85,"column":8},"end":{"line":94,"column":9}},"37":{"start":{"line":86,"column":10},"end":{"line":89,"column":13}},"38":{"start":{"line":90,"column":15},"end":{"line":94,"column":9}},"39":{"start":{"line":91,"column":10},"end":{"line":93,"column":13}},"40":{"start":{"line":96,"column":8},"end":{"line":98,"column":11}},"41":{"start":{"line":103,"column":2},"end":{"line":103,"column":17}},"42":{"start":{"line":106,"column":0},"end":{"line":106,"column":26}}},"fnMap":{"0":{"name":"(anonymous_0)","decl":{"start":{"line":7,"column":19},"end":{"line":7,"column":20}},"loc":{"start":{"line":7,"column":31},"end":{"line":7,"column":561}},"line":7},"1":{"name":"defineProperties","decl":{"start":{"line":7,"column":42},"end":{"line":7,"column":58}},"loc":{"start":{"line":7,"column":74},"end":{"line":7,"column":349}},"line":7},"2":{"name":"(anonymous_2)","decl":{"start":{"line":7,"column":357},"end":{"line":7,"column":358}},"loc":{"start":{"line":7,"column":405},"end":{"line":7,"column":558}},"line":7},"3":{"name":"_interopRequireDefault","decl":{"start":{"line":13,"column":9},"end":{"line":13,"column":31}},"loc":{"start":{"line":13,"column":37},"end":{"line":13,"column":95}},"line":13},"4":{"name":"_classCallCheck","decl":{"start":{"line":15,"column":9},"end":{"line":15,"column":24}},"loc":{"start":{"line":15,"column":48},"end":{"line":15,"column":153}},"line":15},"5":{"name":"(anonymous_5)","decl":{"start":{"line":20,"column":14},"end":{"line":20,"column":15}},"loc":{"start":{"line":20,"column":26},"end":{"line":104,"column":1}},"line":20},"6":{"name":"Reviews","decl":{"start":{"line":21,"column":11},"end":{"line":21,"column":18}},"loc":{"start":{"line":21,"column":21},"end":{"line":23,"column":3}},"line":21},"7":{"name":"addReview","decl":{"start":{"line":38,"column":20},"end":{"line":38,"column":29}},"loc":{"start":{"line":38,"column":40},"end":{"line":64,"column":5}},"line":38},"8":{"name":"(anonymous_8)","decl":{"start":{"line":54,"column":14},"end":{"line":54,"column":15}},"loc":{"start":{"line":54,"column":35},"end":{"line":59,"column":7}},"line":54},"9":{"name":"(anonymous_9)","decl":{"start":{"line":59,"column":15},"end":{"line":59,"column":16}},"loc":{"start":{"line":59,"column":32},"end":{"line":63,"column":7}},"line":59},"10":{"name":"getAllReviews","decl":{"start":{"line":76,"column":20},"end":{"line":76,"column":33}},"loc":{"start":{"line":76,"column":44},"end":{"line":100,"column":5}},"line":76},"11":{"name":"(anonymous_11)","decl":{"start":{"line":83,"column":14},"end":{"line":83,"column":15}},"loc":{"start":{"line":83,"column":33},"end":{"line":95,"column":7}},"line":83},"12":{"name":"(anonymous_12)","decl":{"start":{"line":95,"column":15},"end":{"line":95,"column":16}},"loc":{"start":{"line":95,"column":32},"end":{"line":99,"column":7}},"line":95}},"branchMap":{"0":{"loc":{"start":{"line":7,"column":168},"end":{"line":7,"column":198}},"type":"binary-expr","locations":[{"start":{"line":7,"column":168},"end":{"line":7,"column":189}},{"start":{"line":7,"column":193},"end":{"line":7,"column":198}}],"line":7},"1":{"loc":{"start":{"line":7,"column":232},"end":{"line":7,"column":286}},"type":"if","locations":[{"start":{"line":7,"column":232},"end":{"line":7,"column":286}},{"start":{"line":7,"column":232},"end":{"line":7,"column":286}}],"line":7},"2":{"loc":{"start":{"line":7,"column":407},"end":{"line":7,"column":475}},"type":"if","locations":[{"start":{"line":7,"column":407},"end":{"line":7,"column":475}},{"start":{"line":7,"column":407},"end":{"line":7,"column":475}}],"line":7},"3":{"loc":{"start":{"line":7,"column":476},"end":{"line":7,"column":536}},"type":"if","locations":[{"start":{"line":7,"column":476},"end":{"line":7,"column":536}},{"start":{"line":7,"column":476},"end":{"line":7,"column":536}}],"line":7},"4":{"loc":{"start":{"line":13,"column":46},"end":{"line":13,"column":92}},"type":"cond-expr","locations":[{"start":{"line":13,"column":70},"end":{"line":13,"column":73}},{"start":{"line":13,"column":76},"end":{"line":13,"column":92}}],"line":13},"5":{"loc":{"start":{"line":13,"column":46},"end":{"line":13,"column":67}},"type":"binary-expr","locations":[{"start":{"line":13,"column":46},"end":{"line":13,"column":49}},{"start":{"line":13,"column":53},"end":{"line":13,"column":67}}],"line":13},"6":{"loc":{"start":{"line":15,"column":50},"end":{"line":15,"column":151}},"type":"if","locations":[{"start":{"line":15,"column":50},"end":{"line":15,"column":151}},{"start":{"line":15,"column":50},"end":{"line":15,"column":151}}],"line":15},"7":{"loc":{"start":{"line":85,"column":8},"end":{"line":94,"column":9}},"type":"if","locations":[{"start":{"line":85,"column":8},"end":{"line":94,"column":9}},{"start":{"line":85,"column":8},"end":{"line":94,"column":9}}],"line":85},"8":{"loc":{"start":{"line":90,"column":15},"end":{"line":94,"column":9}},"type":"if","locations":[{"start":{"line":90,"column":15},"end":{"line":94,"column":9}},{"start":{"line":90,"column":15},"end":{"line":94,"column":9}}],"line":90}},"s":{"0":1,"1":1,"2":1,"3":2,"4":2,"5":2,"6":2,"7":2,"8":2,"9":1,"10":1,"11":0,"12":1,"13":1,"14":1,"15":1,"16":1,"17":1,"18":0,"19":0,"20":1,"21":0,"22":1,"23":0,"24":0,"25":0,"26":0,"27":0,"28":0,"29":0,"30":0,"31":0,"32":0,"33":0,"34":0,"35":0,"36":0,"37":0,"38":0,"39":0,"40":0,"41":1,"42":1},"f":{"0":1,"1":1,"2":1,"3":1,"4":0,"5":1,"6":0,"7":0,"8":0,"9":0,"10":0,"11":0,"12":0},"b":{"0":[2,2],"1":[2,0],"2":[0,1],"3":[1,0],"4":[0,1],"5":[1,1],"6":[0,0],"7":[0,0],"8":[0,0]},"_coverageSchema":"332fd63041d2c1bcb487cc26dd0d5f7d97098a6c","hash":"b3d03c4386bdb763bc6a01b27c99528579c4fb56","contentHash":"2d742af3f5273836a4fcdc58cbd5b373_11.6.0"},"/Users/Damola/Desktop/WeConnect/WEConnect/server/swagger/swaggerDocument.js":{"path":"/Users/Damola/Desktop/WeConnect/WEConnect/server/swagger/swaggerDocument.js","statementMap":{"0":{"start":{"line":3,"column":0},"end":{"line":5,"column":3}},"1":{"start":{"line":7,"column":14},"end":{"line":7,"column":31}},"2":{"start":{"line":9,"column":15},"end":{"line":9,"column":46}},"3":{"start":{"line":11,"column":39},"end":{"line":11,"column":93}},"4":{"start":{"line":16,"column":22},"end":{"line":16,"column":83}},"5":{"start":{"line":17,"column":0},"end":{"line":17,"column":34}}},"fnMap":{"0":{"name":"_interopRequireDefault","decl":{"start":{"line":11,"column":9},"end":{"line":11,"column":31}},"loc":{"start":{"line":11,"column":37},"end":{"line":11,"column":95}},"line":11}},"branchMap":{"0":{"loc":{"start":{"line":11,"column":46},"end":{"line":11,"column":92}},"type":"cond-expr","locations":[{"start":{"line":11,"column":70},"end":{"line":11,"column":73}},{"start":{"line":11,"column":76},"end":{"line":11,"column":92}}],"line":11},"1":{"loc":{"start":{"line":11,"column":46},"end":{"line":11,"column":67}},"type":"binary-expr","locations":[{"start":{"line":11,"column":46},"end":{"line":11,"column":49}},{"start":{"line":11,"column":53},"end":{"line":11,"column":67}}],"line":11}},"s":{"0":1,"1":1,"2":1,"3":1,"4":1,"5":1},"f":{"0":1},"b":{"0":[0,1],"1":[1,1]},"_coverageSchema":"332fd63041d2c1bcb487cc26dd0d5f7d97098a6c","hash":"f9a6ed63dea42b688c9ed5c6d7007d99a9168d2b","contentHash":"c02b47918e84d8e48ef3c9df3fdaa742_11.6.0"},"/Users/Damola/Desktop/WeConnect/WEConnect/server/router/badRequests/badApiRequests.js":{"path":"/Users/Damola/Desktop/WeConnect/WEConnect/server/router/badRequests/badApiRequests.js","statementMap":{"0":{"start":{"line":3,"column":0},"end":{"line":5,"column":3}},"1":{"start":{"line":12,"column":20},"end":{"line":14,"column":1}},"2":{"start":{"line":13,"column":2},"end":{"line":13,"column":57}},"3":{"start":{"line":15,"column":0},"end":{"line":15,"column":32}}},"fnMap":{"0":{"name":"badApiRequest","decl":{"start":{"line":12,"column":29},"end":{"line":12,"column":42}},"loc":{"start":{"line":12,"column":53},"end":{"line":14,"column":1}},"line":12}},"branchMap":{},"s":{"0":1,"1":1,"2":0,"3":1},"f":{"0":0},"b":{},"_coverageSchema":"332fd63041d2c1bcb487cc26dd0d5f7d97098a6c","hash":"e2c635f17b0a6cbe2bb86a8b42c201d7f306d1cc","contentHash":"122b7b864081b65c20b5c897d41ff7dc_11.6.0"}}